43 234 221 36 65 34 179 54 184 110 180 87 41 116 8 88 4 299 286 80 249 159 13 148 56 38 166 102 202 241 214 204 3 170 89 199 66 192 100 265 145 223 43 208
24 167 168 216 275 33 164 72 134 24 75 225 74 273 63 217 282 68 298 190 118 283 138 181 289
31 99 108 0 212 85 162 92 267 57 200 232 156 239 253 22 73 42 235 35 248 266 182 78 17 251 154 229 279 77 211 151
34 7 103 296 246 210 62 220 294 137 150 107 263 261 198 18 19 28 122 64 244 258 27 177 269 114 140 48 45 101 287 194 9 94 257
14 161 203 193 127 276 136 227 29 222 174 243 295 109 163
13 133 259 260 53 226 91 254 268 26 146 236 264 10
22 58 144 187 285 60 79 245 32 230 128 82 50 271 93 139 51 98 141 196 155 120 288
16 95 218 171 105 125 44 15 213 209 207 197 205 280 1 84 274
25 290 188 277 172 39 40 185 121 117 195 23 237 147 6 81 20 238 219 112 104 47 143 293 52 153
19 113 129 21 284 11 119 124 5 142 242 106 12 176 297 215 30 186 69 169
13 281 157 86 158 191 90 70 25 201 16 115 250 292
11 224 96 14 111 76 291 131 255 31 55 67
7 61 160 83 231 126 233 247
5 152 262 240 178 272
5 252 71 270 97 135
3 59 46 49
5 228 37 189 165 2
1 256
4 123 173 175 130
1 206
4 278 149 132 183
0
0
0
0
0
0
0
0
0
0
0
0
0
0
0
0
0
0
0
0
0
0
0
0
0
0
0
0
0
0
0
0
0
0
0
0
0
0
0
0
0
0
0
0
0
0
0
0
0
0
0
0
0
0
0
0
0
0
0
0
0
0
0
0
0
0
0
0
0
0
0
0
0
0
0
0
0
0
0
