25 1900 169 4410 3530 8739 2250 122 9194 6475 6319 2341 7453 7728 2708 6516 3011 8769 1133 8735 3898 5463 480 2818 3337 623
25 7005 1984 4959 1725 3475 5794 8324 6803 8470 7231 5824 8511 9725 4638 8533 8005 528 7050 4967 1000 7533 7673 79 7182 3084
25 837 3855 1311 5711 9729 897 5838 1051 3748 6324 2104 2810 4037 2215 9122 7990 5800 9746 6611 8561 4160 8430 8638 1473 8528
25 48 6361 95 5213 1738 5457 6261 4764 4682 7588 8516 6299 4084 7815 1904 7022 9157 6948 4808 6079 6715 9915 7241 1190 948
25 2009 7319 5218 7434 5743 3986 6857 6908 223 2362 8646 9375 9009 7299 4743 450 1073 6209 8404 1011 3911 1375 5848 6976 4095
25 3156 6307 3409 8782 6815 6642 5243 867 2921 7504 3912 7294 2434 6774 9727 964 2394 3109 7095 7315 5666 6667 9396 7566 9454
25 303 6804 3239 9617 8072 3377 7857 4405 786 9247 5166 50 7620 1934 5947 4380 8696 5956 4731 8405 424 5688 5272 1261 7641
25 4839 5716 853 5359 5620 5569 8820 9300 9889 7879 5734 687 8958 5081 7452 8985 8380 9177 5436 1488 5011 587 2307 270 1545
25 4094 1054 9503 9751 9219 6961 9070 3321 4258 4786 358 3331 9479 2381 2549 2582 7378 8385 9010 2342 2010 4766 3204 3950 3797
25 5497 6438 6399 1997 98 8715 8094 4159 8873 2861 1687 515 1775 3916 5338 3481 4462 3957 3093 68 3455 6390 6853 5003 6520
25 1335 6003 4724 8376 4404 6939 2230 6290 5962 537 5211 5341 8010 5448 9500 6428 9585 9446 454 2683 9432 1731 2448 9530 5334
25 445 7768 100 665 9276 4150 6597 3261 1307 5611 5558 1671 1850 5997 5722 5 9643 5762 7752 5095 9635 4348 3035 7784 6623
25 3580 5654 5868 2930 5064 7080 457 2497 6442 4092 7971 4482 3900 7634 6341 7706 2553 8815 1841 6065 8299 749 906 5916 2940
25 8703 3739 3270 7595 2234 8551 1294 6020 4712 7360 7498 9093 2950 2229 7439 791 1728 8142 3318 2347 2255 6964 3324 9726 9796
25 1138 311 9819 7103 6657 2424 9376 370 9101 5880 7273 116 7159 3472 919 2378 1618 8580 2583 4417 1576 5825 7133 8543 1083
25 4059 4346 8243 560 3666 3424 3295 9150 408 8976 946 2642 7875 8899 2678 4146 8849 1665 4418 6637 4273 7615 4476 3184 5432
25 5137 2838 1620 8021 5847 3729 3451 1513 5453 7194 3429 4385 3937 3293 7354 8256 8356 4403 6555 3198 8221 9887 3500 8717 6011
25 1992 2316 7041 8187 5400 6480 5008 6741 9333 8793 7177 7689 6957 2918 4027 9605 3226 5319 6489 1395 56 2269 2914 7281 9860
25 4377 9137 942 342 9576 4099 8830 6398 1224 52 2856 5810 9647 5337 2994 829 2966 2872 6878 6423 1095 7288 2202 2936 2117
25 2949 3692 102 2641 3160 4213 4270 3271 9012 2236 1498 1260 4238 9285 167 1358 7880 9063 7822 773 5587 3504 2617 6686 763
25 606 3830 2695 493 5777 9923 8988 5915 3231 2960 8115 8665 5105 5863 5053 8904 2067 1969 898 9257 6445 8308 2225 7855 5842
25 3444 3840 3468 9623 6909 864 9980 3999 1747 4137 9945 9416 5642 4810 363 9502 9551 7697 3250 3415 4320 5547 3237 5501 9520
25 7318 3758 1346 9737 4877 1330 6745 8143 6800 1181 6755 5532 1331 3696 9245 5349 9755 8574 4541 6482 1341 3611 6322 8423 3289
25 7429 24 3057 7787 7764 5971 8188 1023 7562 924 9447 1243 9242 7155 8536 2517 4257 6535 7832 1586 6294 8046 2964 8332 3042
25 8292 8310 1843 2140 3866 9283 4344 2129 4789 283 7037 453 7387 367 5422 3100 8829 7639 2660 6958 3126 6260 6153 392 8949
25 7936 563 8213 6012 2523 724 1529 5548 6378 8181 1310 235 7711 3506 8140 9741 9468 2943 4517 6867 2819 8898 336 3545 3781
25 4435 6004 8962 6677 494 4965 6927 183 2760 8481 7260 6704 5199 3201 5165 7607 6543 5346 4052 451 7976 170 6227 4203 3569
25 8630 2566 1630 9156 9645 2077 5748 5600 6669 9153 3163 8632 6232 373 3272 3906 602 7788 416 651 6229 4177 7069 901 5544
25 9084 2060 5686 7255 5070 4782 6821 6066 4276 2311 4746 4569 2473 9856 7279 539 7932 9095 6401 7079 9723 7115 7476 573 5174
25 8518 3245 6188 146 3901 3436 5579 2938 2913 9801 9682 894 1519 80 558 7454 4963 7469 652 9369 6295 6434 1558 4622 3246
25 5018 6849 422 2797 697 881 1524 3124 3291 256 3553 4234 819 3777 2496 9252 2825 7413 8592 2469 9351 5939 6687 5545 7708
25 9888 9869 1784 5712 9513 9710 8990 7164 4617 2417 2160 8027 8679 2923 9295 4950 4009 9 6943 7068 8927 3386 8280 2499 7606
25 6807 6048 8979 9262 5433 8038 9397 9774 7626 7007 3841 8136 5114 2757 3552 2726 5345 8780 1683 6769 2030 7157 3712 7201 3478
25 9913 5887 4525 4717 6360 7078 2395 682 9985 4038 2971 1196 9662 3582 9047 1321 3683 9797 5121 7591 5157 2373 7733 7878 3571
25 9256 3540 9685 9679 4331 575 6708 716 821 2025 6680 5801 1787 1122 9780 8223 7313 4660 3248 1205 3809 6632 5078 6441 8503
25 5299 8489 3036 6746 7900 2718 499 6923 1999 5553 723 2268 3803 6557 5206 5229 9877 736 1798 3892 5607 3589 1694 3945 8625
25 1815 2357 1511 9109 3430 7334 2000 8148 2892 3494 2041 1684 8697 684 2801 5986 2775 2894 8197 9308 1865 5775 3111 2252 8156
25 9675 1090 1227 934 6013 6566 9195 5593 7661 3328 2232 1985 6056 3709 1749 640 2647 7821 6725 7888 5978 1120 4268 3543 1009
25 7952 6922 8786 3807 4072 6138 1871 5913 8410 7272 8992 7352 5660 5951 6508 5546 4229 180 1953 4504 9126 5190 3559 3503 8022
25 2576 3564 9090 8956 3370 6625 2714 8659 7274 6648 67 5733 3726 8400 7106 8491 4860 7216 755 8218 7597 4755 2329 6355 4178
25 2296 5335 2275 9165 3362 1655 4045 4489 2213 2694 5738 989 1069 6100 7592 8702 9732 5754 4564 9431 6573 6170 4600 1035 6258
25 1209 1869 553 1589 7984 6896 1201 6977 7665 7028 7072 3089 468 8689 5217 28 6528 8931 8076 3113 2666 9439 5987 8884 1713
25 1664 6220 5087 5902 4532 949 4279 3450 2246 7285 698 1727 309 6801 8706 981 9862 1517 5322 9210 2019 2897 3620 5460 926
25 3457 5089 1777 3790 8876 645 5045 7502 5134 9867 5220 9593 8496 7963 7819 6183 7096 3441 2131 4261 6453 8321 2326 6994 9461
25 1993 568 3420 9595 4285 4720 8413 6422 7570 862 7573 3963 7684 5966 6619 9470 1126 5893 4067 4402 304 818 5467 7192 5071
25 190 8104 6903 5426 1251 1534 5240 1628 2264 9018 1541 6215 9352 8418 6082 8092 7061 2192 4097 3703 9558 6517 6300 4341 6539
25 8271 6338 6924 5539 5491 1324 5188 7407 4491 5864 3888 3437 6929 6679 3935 604 3486 9609 8563 4753 3929 9719 6371 3341 3626
25 6783 8675 439 9182 2393 4825 9784 9159 1756 8645 3908 5350 346 4480 6810 9802 1183 5752 5215 2698 6612 2138 1020 6291 4955
25 6135 8586 1605 5881 1930 2799 683 826 249 608 9828 9506 9863 5638 1832 1231 5209 8756 9604 8714 3837 3941 7539 5144 1892
25 9020 3188 3373 348 2079 6850 194 3811 5092 8439 7680 4849 4342 7902 2699 8788 4032 9086 5560 3734 3576 3713 2591 9206 9398
25 268 9411 629 2260 8973 7064 7967 9512 2076 2558 9019 8170 9582 7308 9260 8224 9174 2701 855 1379 1249 124 6022 5266 5616
25 7293 4502 617 9731 4068 7287 8343 7630 7587 1876 319 4371 1416 9029 650 4254 4183 787 6035 7136 2073 8232 4156 73 8001
25 5113 1512 1475 8940 8854 9671 5730 624 9929 7622 4822 9728 5793 4960 2435 3102 7717 7721 4518 6151 2623 9390 431 9374 2152
25 6115 1267 6222 4756 6218 674 8548 1431 9983 7086 9055 3752 4306 1094 7671 8639 2149 3088 9338 4118 5274 3367 9648 44 1801
25 1528 5615 6639 2297 8486 6437 720 8760 6283 6758 1857 9163 8668 6906 3598 8495 4796 5506 9007 3039 9451 868 2170 492 3820
25 5192 6607 992 8521 9238 3396 482 9075 5701 1711 9322 6776 2506 7754 9607 1028 8858 6301 5342 8451 7089 8091 3633 7 9536
25 920 8112 3066 6842 8816 3512 8628 3717 967 6719 8220 4954 2295 7122 6303 4182 6673 4956 7530 8701 4311 6935 6650 3745 6524
25 2920 1530 9255 4781 9838 9657 3495 6874 8438 2360 8498 2560 3374 8051 8911 5589 8096 1588 1383 371 6931 6342 5538 7943 8972
25 84 9549 718 6647 3606 4496 5393 9629 1217 6737 5909 4263 2991 1308 5321 5357 2522 3694 7362 9389 3265 7964 7603 4158 8265
25 1492 5751 4208 6749 4002 2397 8025 9927 2644 5479 7510 4824 7018 9579 8771 7644 5980 5344 2080 2987 5964 2208 5828 131 8535
25 4379 4842 7864 8346 1412 1024 8993 456 5632 4497 4343 9665 3680 4505 5164 1759 5469 5595 9251 4728 8704 840 8738 971 2530
25 7640 8059 2992 8585 9912 3317 498 1460 9111 279 3496 2484 9073 4576 2242 5621 3882 1812 3094 6266 504 6817 6018 8618 8838
25 677 854 2385 6579 6814 8184 6983 2153 3114 9444 5574 9344 4912 6178 9588 351 8734 4149 4670 5142 4350 9614 9522 9004 1344
25 7399 7190 6784 9845 5201 7341 582 933 2662 8672 1376 5103 5528 5396 3034 2672 4468 752 8619 2144 5474 729 6702 2243 2096
25 2432 9707 8686 8902 354 448 9405 7807 120 7738 2956 4603 4547 7046 6949 3516 6954 3243 4522 9413 4471 2814 7980 2813 6533
25 7270 7186 4109 9702 6247 4939 9482 8334 3593 2765 7333 6219 3649 6472 1016 5385 3074 1611 1998 3705 9517 6518 8000 1813 8540
25 5445 9559 3622 6630 1734 4940 7575 4686 4584 5650 1053 8074 4253 3309 9848 4065 9826 1279 5203 9644 4103 8648 1562 9211 9326
25 3743 9864 7877 1697 7874 3845 4264 209 9652 1715 7466 2462 3874 7367 6114 4559 1025 5927 1927 6210 9977 747 3523 9703 4047
25 9698 3693 7837 713 1634 2429 473 4624 6068 7101 4920 233 8857 6683 2621 4780 5178 4927 9076 8707 8613 1495 1212 4841 1923
25 3527 3208 3414 9002 3640 3947 6730 6085 3416 7179 7761 6497 6282 4373 2379 3800 4684 5634 8165 944 6795 2211 204 8925 4191
25 1305 1866 5554 9370 6670 5172 3799 326 1828 4335 5133 1461 2404 3058 6530 6108 2013 1292 7776 7863 5270 5179 6433 7338 234
25 7320 1269 2245 5263 3463 1353 3052 7361 8361 6855 5908 9578 8853 9672 503 3614 5284 3192 1882 411 2693 4474 7565 2334 5723
25 1978 3817 5678 4206 708 8800 6161 2771 7418 8105 6167 5099 3060 5761 8474 6599 4598 7839 4015 3305 6351 9573 1191 7522 8222
25 6654 4171 5746 7232 6201 6200 5305 8099 7551 963 2977 9346 1977 261 4086 4312 1061 6306 7972 4977 7238 3836 6665 9906 4243
25 3988 4659 3675 8878 7712 1700 396 3307 7802 7455 701 4415 9001 7908 1806 4814 8974 7305 5058 5122 7100 7472 4193 9525 1758
25 8329 5025 1010 4282 313 4821 8950 7631 816 2398 9483 1477 7940 9758 5353 1468 1793 2443 9059 756 4401 5926 148 7842 6944
25 769 41 3203 8848 4196 7066 9023 5541 863 4734 4440 286 9161 2562 5785 9074 9204 436 5490 2182 7758 4614 1646 9067 410
25 2106 5598 1257 7097 9038 529 4024 6808 9816 6974 7935 2380 9083 7324 3297 9455 1362 6318 6992 36 2308 5798 2750 7042 4542
25 6456 3051 2305 2207 2167 2791 382 2247 1842 22 1237 4748 1420 1780 3634 1289 5550 8473 18 3488 2905 7783 307 5592 4759
25 6901 4233 7263 7117 843 7102 6197 8246 2178 5074 8016 696 2567 3499 1975 5277 9540 8781 1074 3687 2227 7688 2697 5646 7204
25 1438 9626 7816 1755 7381 5540 4014 6413 1396 7749 7730 1034 584 2792 8914 486 349 103 5033 1974 8411 8012 2836 263 3172
25 7070 3976 4544 9341 4749 254 9566 2198 8339 2451 9687 125 551 2524 3004 555 2034 1329 3718 4295 3287 3158 9146 7527 4473
25 3253 956 1494 4481 9180 8952 1852 658 5835 1889 1947 5297 7178 4152 2388 287 3720 5928 9745 298 662 2544 737 8480 7111
25 700 3786 4207 5369 4111 7065 9205 8835 4587 1371 514 4845 7897 3194 7247 8657 6773 743 5401 329 653 770 8870 195 3279
25 3607 2651 372 4677 7654 7316 1106 9462 4060 3919 3847 8807 771 121 434 5185 5389 7563 5431 257 6981 3617 7024 9567 5454
25 9393 4948 7709 8042 2415 5710 6425 2958 1471 874 2768 9435 356 7895 3195 1334 6432 1585 5609 5644 8641 2625 6521 4305 7311
25 1178 211 1883 8434 8420 6078 9388 4714 8889 5729 3404 3479 6861 8248 4114 2189 9197 2933 3214 9056 8718 7433 2257 8740 7181
25 945 3148 1215 9769 5112 3462 2729 9136 1235 1145 4244 3177 5271 4550 9142 3695 238 5897 5392 274 4337 6093 3153 939 8730
25 3471 2512 8737 4807 7882 4555 2776 1551 4988 9080 1459 9686 5088 4131 153 8836 8041 2481 8295 2976 759 1823 8934 7992 7918
25 4885 3426 3579 3146 1062 3077 5514 6025 5101 4874 6370 4964 5155 3282 340 2405 6617 2962 4769 4364 4339 9465 2880 9878 5563
25 1315 7116 2006 2107 4652 4515 2470 2348 1702 1409 7145 2124 2012 6646 8571 4175 7412 264 6830 7295 421 1573 8879 3536 3812
25 8149 5719 6912 7457 1489 1048 8785 9930 2042 2214 387 1119 6103 1567 745 2575 9212 8919 1435 9818 6090 5682 1878 8120 795
25 1543 2520 5628 1884 607 3710 2314 1920 1668 1169 177 9456 8812 6184 6688 9318 7026 9162 1339 4303 7702 7214 5726 9569 7826
25 5424 7243 2904 1480 5662 5803 4256 1037 4992 7949 8687 8466 725 8037 7447 6787 2833 110 4188 140 4210 7906 3218 3440 8666
25 7475 225 3875 66 4495 9284 1424 9882 2552 4858 4198 5427 3353 6511 7786 2758 5397 6598 8626 5325 1093 1574 2939 7705 590
25 6694 6718 2605 2352 6946 6196 2805 9395 8813 1320 2368 3438 2328 1058 5153 628 4943 1847 8859 9615 1056 6010 6840 5524 8304
25 1066 6851 7477 1729 7891 3862 7724 7732 694 7276 676 5107 9892 7139 3831 6126 6468 4611 2592 5373 6685 1931 8558 1950 4242
25 4309 8085 462 3779 1721 5815 7312 6674 6205 6471 8129 3590 8125 2014 6812 9954 3567 7859 679 5683 6955 9317 5127 7951 4432
25 4214 5324 172 2551 6125 8609 6930 2777 3645 305 3432 9835 1535 5379 2798 1219 5056 1648 1983 2929 8690 5459 8532 1084 2029
25 3572 8989 4585 7224 3220 5009 7650 3647 9183 7167 5804 6820 4552 8288 6363 1669 5568 8442 4945 7978 4631 845 7833 2597 8980
25 6110 3891 1835 2184 6426 9640 4136 112 8656 1154 3391 6036 6532 6267 3315 5252 9221 1795 4010 3690 6616 2873 2337 8196 5950
25 9216 4153 8653 2377 9478 2444 8326 9874 5032 6883 5106 7871 4639 6274 6328 3660 9280 139 1007 2752 7152 2238 2172 611 1015
25 6780 6786 3778 4485 9192 8263 2159 232 3550 5502 2413 6459 4535 9788 1964 2807 2474 5768 3031 4994 82 5404 2888 9196 5265
25 9544 3170 3167 2543 8984 6921 365 4658 3210 1695 1450 2884 1769 2459 8307 3144 9998 7023 5625 9115 5551 4319 6527 9932 5173
25 6794 950 3557 5437 7920 9574 8421 4121 267 6863 7848 1679 931 6190 2789 912 7386 6589 3162 7221 8454 4220 3848 465 3076
25 9523 3849 3105 4537 8505 6638 9167 5704 9039 6131 6469 909 8936 6372 30 3597 7336 6546 6499 7955 3861 9749 5707 3484 4568
25 3236 4507 3029 374 2556 2600 7829 5958 3924 5534 6560 62 3881 5374 4618 9528 1026 5982 783 9331 3359 6995 2618 4041 6136
25 8024 4661 8328 9364 15 3783 9496 8624 4595 4539 733 4597 5482 8822 9979 8867 9667 4237 5912 5774 9638 1881 641 869 6273
25 9851 8792 6698 168 415 2439 6548 3865 2645 7656 8244 9337 2510 9491 413 3661 7317 637 2747 3256 3026 1887 9921 750 6477
25 157 57 3732 3334 5933 4008 7384 3358 5656 43 9208 2037 7727 9240 952 8678 6591 6118 8553 1623 8837 3884 2993 5035 8684
25 9852 2941 1968 6902 3403 5380 4248 104 7543 9724 5911 8524 7743 3515 5450 5000 5617 9493 4284 879 1701 6997 3880 8874 9938
25 5744 5406 9035 9151 8239 1121 3578 137 5622 4798 8254 2817 6047 4025 7774 2915 5015 3423 8422 3684 9971 3985 8947 3887 8019
25 7229 2559 6652 4642 982 6907 9763 1436 7619 3782 6478 9899 5763 7421 1373 6146 8478 4998 3206 5470 5508 6193 2165 1107 2746
25 222 7572 5602 1256 993 9054 9328 5367 2345 5041 4477 1434 1463 7942 2317 4516 5126 7596 8515 1141 6289 8349 3021 2410 7590
25 4894 8588 6836 2442 5014 8827 1264 9335 1143 2526 4903 4107 2343 2489 8456 1548 6998 1925 858 983 7481 3525 5348 2724 6350
25 4833 9325 3542 1369 1211 5875 9213 8903 2682 6162 9418 7306 6077 9230 3352 3519 6564 2827 5831 2267 7898 5159 5652 1730 954
25 2356 3068 2681 7628 7763 239 3970 5124 612 8720 8415 4096 2044 5919 9021 4469 1337 4567 1486 7426 8808 1277 3723 6250 5361
25 8509 376 8040 846 9463 8767 6982 2702 6678 3211 484 6714 7797 5085 999 7672 1021 6779 8398 5886 3994 8433 9499 5065 2961
25 88 1170 3596 9738 2467 2898 7757 4441 2084 5094 6337 5483 1253 5641 1606 2400 6651 8929 1419 8863 9201 2210 7206 9097 5821
25 9581 5601 9561 7191 2751 6529 1716 6558 2713 7605 838 972 3948 8871 42 7850 4868 1555 368 3719 3140 8654 4292 9600 6514
25 3951 3398 2686 9349 8595 9809 2386 1218 7987 130 5452 7271 2403 6174 7646 7225 5789 7991 6881 9220 8467 1633 144 8230 7938
25 8175 513 2418 7448 2972 1523 3625 1955 8842 2780 8954 2804 8366 2743 4294 2101 9660 6696 1890 8888 4218 9013 1153 7713 644
25 530 7088 2072 9817 9015 3989 1392 5520 6251 2142 9408 1816 875 9534 9091 7538 8281 3624 4991 7300 8606 6314 5390 1410 4865
25 4184 7956 1101 4200 9836 280 4520 8530 3776 800 5132 8494 4004 5428 3178 9957 1712 7801 7147 3387 8556 2529 2271 4725 1898
25 8204 9806 9138 9628 7464 4854 8426 8745 7849 6169 4036 5310 8399 943 6668 9040 9415 9597 1990 8623 5696 1408 7049 7909 9312
25 2581 6502 9429 4302 5500 9632 3222 1860 6415 2640 4439 4933 7016 9098 3320 6436 8341 3563 8522 3344 953 7814 9532 5790 3771
25 2571 8128 1406 8444 8257 4937 5583 6811 6743 6608 1640 8961 7532 7071 9708 8570 2265 7233 1354 525 1579 4922 805 5669 8443
25 5890 8708 2675 164 5082 5995 7812 9361 6620 97 215 25 8746 2004 2860 9699 595 6973 6614 6895 3956 7290 962 7390 3656
25 3329 892 761 7156 3054 6762 6407 5222 9130 2173 3397 6235 2466 9028 4917 7280 1303 5750 1398 7436 7189 8866 7795 3043 1137
25 6952 7759 583 4656 9620 5709 6703 7286 2122 9547 6763 5441 3678 3155 5066 3285 9659 2024 8006 5119 343 398 532 2824 7252
25 2917 6327 4255 7840 2118 3123 9449 5375 1827 7613 1457 1485 9471 2478 77 7853 3095 2734 8396 132 1624 7997 3630 1076 4918
25 6150 7373 4467 9273 2074 6474 5941 8546 5675 7683 5136 1505 1298 476 2514 4081 7995 4688 2725 8880 26 2770 7731 495 7509
25 6656 6403 5934 7234 5356 7912 865 3216 6298 4098 7924 7921 4881 3767 1027 7970 1096 1616 1846 2593 6112 6753 6241 5961 3012
25 6457 378 4139 3721 2622 3490 873 3139 4173 6609 9092 37 917 5624 4562 2811 3766 7981 6143 401 6999 4987 9334 3048 9025
25 4679 4194 4895 2105 6662 150 4663 2996 7210 8987 11 3774 9742 2906 1943 2518 673 5972 911 6358 4735 3733 4778 220 669
25 4414 8642 5866 1223 3793 1592 2319 5340 6156 1325 8049 9991 127 6671 9812 4774 9653 5247 1312 6522 556 8235 226 7450 5758
25 6044 896 9477 138 2216 2089 4744 3072 9175 9706 6376 5228 2483 3096 7262 2003 7930 7170 3920 8255 5633 4929 8119 5059 6467
25 3333 2828 9011 5663 7876 8967 4266 4314 1493 2461 2447 6778 3365 8651 1762 6666 3944 3983 6664 9217 1043 6212 3791 9834 3619
25 585 1874 3190 1142 7325 6255 3867 4549 3135 8077 7699 5200 4187 3008 2849 9340 4463 255 9271 441 6490 3238 2312 7123 1437
25 9935 4056 3133 8869 9272 4224 8296 6009 699 9102 9110 6284 227 1608 2759 3165 2569 5418 5834 4212 2421 5415 4091 6127 9176
25 8578 7442 2181 5799 5279 8007 7237 4372 7750 5052 1179 6094 2646 3502 9302 8457 460 259 6005 3407 5364 1207 5659 6889 4040
25 8382 417 4475 1799 4689 8502 7791 1741 841 4675 1989 3599 3761 7435 9535 6386 4422 6941 9301 4606 7350 5891 8331 5753 9690
25 1635 7692 266 2952 3044 2568 3699 4906 5323 824 2756 7674 2744 7506 6697 8500 4465 362 3923 4941 2922 5697 1594 7228 8939
25 9401 2696 6809 739 7355 5386 2614 3049 5872 4608 8297 2306 5691 1916 1933 7545 9997 1506 7642 3383 8137 8036 224 8775 2659
25 9305 4028 9952 649 5161 7180 7830 6963 6375 808 9186 9453 6320 9618 2199 2503 6653 8634 8389 1706 2298 8226 7219 2968 2908
25 7913 8158 2738 7574 4772 2206 2979 4947 8926 7091 7856 9924 2570 3079 7213 7258 5826 1148 1159 5148 9555 7586 8138 7524 1022
25 6404 3112 6965 4546 2601 8285 7663 9939 9458 2988 5194 237 5145 8794 6034 9843 2195 654 9241 1380 5202 4392 8905 8364 8057
25 9768 6160 9557 3050 4249 35 8214 9103 6203 9299 4655 2263 5444 4190 6027 6157 1296 5177 1906 7718 1938 5037 5931 8596 7751
25 8978 3541 6098 3646 6641 5262 2835 1768 6738 6081 5314 2102 3760 198 5151 1391 2844 5645 4785 3098 4723 5311 7283 4315 5573
25 1867 6024 6805 550 4705 7666 1105 2498 4528 7259 8471 1017 4472 6937 1283 6397 6391 4287 4752 9032 3662 7001 4968 9891 9088
25 4665 3605 6172 8023 2187 6848 4125 8545 8603 3829 8930 8584 94 3806 1112 2367 1291 5846 593 5637 9781 182 702 7950 2820
25 7928 2026 7174 741 5566 1453 6699 545 2033 8018 1578 7653 7099 9989 793 9978 4588 6577 9438 4971 393 7789 7825 8674 9875
25 297 4706 7398 1192 9586 618 4758 5792 8933 657 4039 1417 1265 6926 3296 735 2965 8234 8751 2550 1149 1691 2998 8311 4799
25 3869 7710 241 7120 8035 7000 9026 252 9884 7643 8432 5383 8881 848 3306 5290 9066 9437 538 7621 9756 8098 9771 8414 9759
25 19 7406 1601 9303 2737 9209 9152 7370 5715 3873 154 7425 9825 4202 6744 3878 1116 185 269 327 9117 9061 4757 7766 4790
25 5510 823 5853 5237 7245 5308 5626 7662 1891 2740 9880 2931 9275 7925 8579 850 317 7073 8141 9287 3369 5841 1653 3286 5176
25 273 8086 772 1944 6615 2537 6873 6414 1629 7351 9143 1032 9621 9688 6347 2001 5968 9427 205 246 6723 8818 8499 8053 1658
25 5358 3442 1862 3993 876 1252 1537 3556 8896 3395 4775 8912 7872 5152 9293 6224 4674 3001 7540 5942 1210 9766 8887 690 5198
25 9627 6199 5034 6884 9116 3174 9118 4323 3332 3532 4370 1885 4053 3363 388 1802 2331 6015 4904 9616 5485 6993 5232 4861 3883
25 4437 7253 1422 8062 1800 1443 1639 4204 7648 1839 96 4893 2700 7523 3577 5276 4498 7409 2629 7051 6782 4116 5661 6278 2098
25 1447 4914 1040 7468 2663 3251 4566 4493 5708 8316 5694 1596 4533 9762 5805 2534 5429 6496 6057 2887 5395 7185 7989 9281 9650
25 1888 7612 4969 4347 1693 9789 5983 9837 4043 7479 5963 3639 1382 2716 2063 5594 9873 9793 3434 3535 936 6185 1226 6470 1575
25 9901 9654 7576 2327 9433 7922 4384 6513 8817 3997 7638 1988 3764 5019 5246 1957 2767 5073 8724 9323 1788 1288 4023 3560 603
25 3103 719 6133 3859 2548 6367 2722 433 3319 7552 2584 3846 5028 7063 5747 5922 2458 8402 4862 2454 811 5423 792 7904 2848
25 5693 2881 9037 7048 6333 1146 6268 4093 8564 5552 7868 1075 7491 2485 6406 3917 5820 6217 3312 5814 4909 3107 8948 2487 7985
25 6269 9042 2585 7535 4986 2969 5021 9928 2495 4871 8772 9368 7076 1399 3183 3628 958 6310 1487 6959 6271 8897 4683 9639 7881
25 4637 187 3418 9752 8615 1387 5054 3905 3221 692 7698 695 7745 7703 9017 8935 9258 5462 7517 1909 265 9599 8519 3749 7368
25 9976 6536 8529 5289 1348 4117 1914 1597 9879 7075 9870 2859 335 7798 4179 2871 860 2895 8663 3652 8523 8612 1478 2764 9049
25 9514 6570 435 2399 5994 6122 1733 3262 4219 1203 1690 7153 9524 3392 243 2391 7584 3106 9383 1751 6479 4793 4332 4013 4996
25 9412 2536 8274 6752 7794 9925 272 8431 9709 2590 2045 9367 1924 8977 798 8205 9124 1481 149 7416 4281 3064 526 3422 3288
25 3257 6039 4593 8840 9543 1345 8009 1746 2882 412 2052 8968 8514 2168 6106 1763 5141 1077 9986 631 2858 6124 3643 3185 5149
25 8351 2999 9564 4863 4558 4154 5679 3731 6975 8576 4889 7461 3152 87 3996 5328 2779 1152 3943 8084 5072 955 4197 6690 9430
25 7249 6252 9842 6523 4583 8682 8510 9407 9132 5307 7222 6880 1583 9261 3539 6495 4367 1442 1522 8526 4484 8797 7391 4531 4181
25 61 8055 8379 599 2954 5698 6722 7383 1561 3808 1603 1368 6726 2071 1836 6256 9248 6207 1467 7126 7202 1052 1848 2363 9794
25 2519 656 9104 6173 6321 6451 5700 7867 4388 813 3339 6636 7462 46 1070 45 3171 3604 7074 5118 1156 2002 5476 7813 8669
25 8587 1228 2577 4615 5885 8033 6181 2715 5411 6747 2587 186 7547 9900 8436 5871 5281 5903 1018 8461 9391 9909 4483 7482 464
25 6916 3958 8323 3615 2927 2151 5238 2284 8691 6802 3127 8192 1241 8600 7658 6092 5869 8320 1736 6819 6676 980 1213 3928 9999
25 7957 4536 7555 2967 2802 2176 9804 7962 871 1717 6006 6270 6561 4773 3706 1440 3995 7484 8110 4506 8089 1677 6569 2579 5599
25 6296 8449 8694 7309 3119 5043 3493 5844 3747 5268 8593 8852 6604 384 8060 2842 5703 4859 9580 1514 1091 9721 9058 6700 2411
25 2135 1845 704 3394 461 1587 6345 4979 1042 827 8403 7047 5079 7265 8655 347 6860 5787 1259 796 7358 707 9829 316 7059
25 3549 9202 4328 5782 7379 7148 458 1266 4064 3930 7507 1135 9634 1765 6352 8741 6899 2127 3835 9775 7404 8900 1087 5618 1744
25 3024 4494 5861 5901 8395 3009 7682 2501 6272 2156 8111 9232 6915 6276 145 915 201 8066 4180 4479 1659 4490 6631 8501 8269
25 1515 6575 2143 1723 9487 4119 4645 5779 5169 9188 3182 6682 8065 6628 8525 2733 7015 1180 2679 1764 7824 1350 7374 1962 4363
25 2147 7554 2426 5888 2900 3722 3691 5870 5959 6389 3401 3473 6838 4235 3142 7328 8483 7218 7518 3591 1982 8251 3612 9736 3014
25 6765 9121 8747 1332 1771 3108 9785 6567 8306 5724 3323 1979 4211 4313 8577 6435 236 9358 9560 7303 9782 8365 6766 7289 9960
25 4687 2963 4355 2657 3921 8266 3233 4921 3894 7564 8937 9907 8886 3610 7497 478 3242 7973 1696 7869 5354 8723 7623 5953 2983
25 7975 375 9144 6634 1689 1081 1031 3992 1352 2688 3164 9480 1236 3592 8472 7905 4573 4976 1654 3356 566 7371 3889 8374 5471
25 7553 8458 3531 2893 2652 2383 3159 173 6245 6452 6277 7887 9951 3509 4083 7127 1166 9541 4676 9827 2196 794 8712 4509 1306
25 4829 5766 7207 6484 2338 2782 3487 8796 290 8233 4334 4827 1563 5943 3759 5197 6796 2046 1661 1333 3132 8700 8943 5977 8490
25 2774 856 6237 6729 1676 5250 5567 5317 6116 5352 4629 1742 8011 9155 8347 6791 974 8114 5657 2821 2785 70 5865 8789 3284
25 1273 1986 6739 6248 9046 9246 4957 8991 219 2109 5480 2984 6431 577 1753 2655 6986 8183 5630 3890 3099 1131 9714 1367 6285
25 5227 3196 5285 9485 715 2731 8560 6806 4852 3750 544 339 789 1063 3744 9218 9373 7424 6691 78 7257 3427 9304 8178 6405
25 3025 2578 8309 7792 355 5464 6420 689 9185 578 6336 3145 1188 620 8045 5378 134 9590 1129 7722 9489 3480 6191 9172 3741
25 7911 3047 922 7580 5405 6659 1861 6565 1672 9539 6980 4106 7340 1246 4715 6195 834 9266 7029 7526 1225 7537 8453 7568 5791
25 9691 5189 7569 9031 6498 4365 6163 938 4221 2580 3027 6483 9315 7449 9064 5759 3864 960 8386 1973 59 8122 1336 2709 1322
25 9267 7934 380 2261 1873 663 3278 1275 2279 3796 4400 3191 6240 4975 3056 7785 4513 4460 1274 2197 9747 5225 1254 1976 9448
25 961 8795 5899 6067 7415 1967 1598 5360 9821 1724 5016 2561 6429 162 1099 3980 9148 5170 129 7831 7261 5439 2839 6 1202
25 3055 1794 4387 6279 5306 1319 405 1357 6308 3538 2834 5610 1556 2340 891 9414 9008 2027 6046 1894 1404 2492 8942 8921 3020
25 2531 3816 9406 4981 8731 7267 7446 1466 7277 8359 3116 5984 1844 2500 8394 9984 7345 6553 4604 648 5138 3965 2488 4124 9885
25 5090 502 212 2809 6864 3785 1681 2505 5906 6813 801 3372 767 6225 3822 8598 1490 3742 3327 6233 1001 9099 1636 9914 4732
25 3017 8728 3384 7456 7873 4787 3686 3946 512 7536 2111 3794 1656 4166 5518 6841 6166 1817 6481 2730 3115 748 3857 5084 2606
25 7329 166 2020 2240 3149 8534 4058 742 9237 518 8250 5231 4619 6590 9713 968 6394 4412 3932 4510 3189 7601 4729 3310 8217
25 203 9207 3770 8799 833 6503 9810 1907 7474 6996 5651 4398 9933 1819 4519 6852 9542 6070 4165 7052 9940 9967 325 1293 8847
25 5517 8302 6476 4664 5557 4628 85 3470 1921 8916 7779 467 4351 2095 8427 6421 8313 712 2689 4275 3229 4900 2876 5960 6246
25 9003 1773 7445 4888 9158 728 4607 7933 2602 8695 2086 7125 1959 496 5898 8017 258 7110 7818 5024 5819 2070 5230 9677 3063
25 7104 208 6537 8520 2078 9249 2330 636 7108 5005 8335 4575 8245 8661 8031 3355 6788 6050 6988 4911 5606 251 231 7589 8106
25 2788 8555 1206 8227 7109 6512 8932 643 782 6593 8428 7130 2690 5129 3635 5251 3235 6107 2301 6177 8862 8345 2951 1939 9311
25 4848 7188 7693 6966 3991 9297 4046 9832 5929 1761 2766 1432 2075 815 4487 6055 7388 534 9750 2097 7242 2628 4022 2090 6775
25 3410 6971 9473 6984 6571 9190 4291 4930 6504 3967 3085 6705 1405 5608 4887 8186 7031 1607 4737 5812 3558 9329 835 8275 8199
25 9254 615 2015 5377 7010 7716 2281 3961 2414 4835 7960 2800 717 6454 115 2978 3676 1144 5673 7402 5499 6494 4962 2224 4530
25 7657 2511 6618 141 377 7870 7999 4770 1932 6540 1922 1853 449 135 7852 2028 6542 1546 3002 5162 6933 4747 6507 9476 2843
25 7198 3090 8698 8644 338 5040 8610 4623 3266 152 6043 9844 4386 7128 6440 5062 7892 927 4457 1418 8044 229 2822 8169 6721
25 6412 1363 8075 4907 7701 9508 2710 6756 7741 4512 5183 7331 9584 7910 5259 2707 6373 4230 9193 3872 7954 1961 2563 3350 3087
25 8736 3364 5409 1637 7810 3802 7440 2479 7508 3342 754 8475 4853 7948 7919 5940 7618 360 4240 1614 7593 1088 7559 8363 7395
25 610 8378 8412 3453 5879 6888 3907 1504 4876 151 8258 9575 9777 5329 2290 8358 5781 2120 6187 4949 7410 8080 1080 8569 5731
25 7965 8856 6058 7366 5017 4318 293 997 847 1516 6297 2438 7939 517 9973 191 3186 5316 4000 5051 2494 3819 3931 1740 322
25 400 1557 9452 6121 7811 320 8268 3141 8209 5619 7635 5639 9422 6797 2739 427 4745 570 9239 1928 731 5362 1247 4716 9294
25 5402 986 5808 128 2482 3316 3433 1840 4828 4336 9403 591 3187 4262 6892 5075 959 9371 3715 2310 1139 6870 4741 1244 6302
25 6069 9166 3147 3651 4062 4924 1872 4561 5582 740 6362 7729 569 6109 1818 8172 6037 2719 8061 2069 2677 2516 4695 3755 3860
25 9504 7428 633 3157 990 402 9228 9459 877 3232 6707 5038 3823 1125 1754 2970 101 1859 6760 6257 3302 1682 1972 5275 3698
25 1593 6202 5920 55 9847 4832 9666 9298 4804 930 2040 2687 5315 5384 5283 9170 3854 4162 594 1127 9661 6113 5873 302 5817
25 117 9705 4088 4666 9920 3181 5120 9229 2299 6556 9348 6488 4317 9946 213 1582 7056 4231 4701 675 9577 9354 1089 4540 3730
25 8557 6742 4247 3669 2220 6574 744 1647 27 1501 670 8841 9943 2047 9222 7765 1536 7144 5728 7310 2772 9918 5312 7057 7600
25 3371 1079 2480 1580 4293 3952 8071 9043 4989 5140 3345 4800 3215 5725 6754 7835 7514 7896 2456 7670 4898 4803 4189 6019 6087
25 200 3632 8198 1521 4843 199 688 1709 481 8135 2944 2420 8318 4168 4974 581 4633 3046 3448 5974 7753 7239 9120 7625 9034
25 5205 3513 2781 5757 7347 8182 9795 4085 7414 2209 693 2239 5670 1117 4647 844 3143 1497 7427 3408 6792 7820 9956 3886 9568
25 4349 8671 1160 6967 6885 216 5158 3007 9718 379 9853 4299 6887 3814 4681 1214 6211 7165 7087 3298 2139 8607 5370 1086 2794
25 6822 1349 64 8225 4300 8693 8590 2596 4007 6859 8348 8231 5556 6313 1670 2925 314 3304 1901 3497 5068 9993 6461 3838 5438
25 4307 2869 5012 2141 6120 4819 5123 9469 521 3973 6254 9583 9730 5191 3241 3548 9697 221 1936 3010 6610 7168 9753 1327 5973
25 6724 2711 6767 5998 3469 2989 5495 3483 9902 5952 2542 4006 3768 9356 2325 4707 9057 1544 613 1290 6154 2650 9515 6917 2114
25 3168 7690 9313 6871 4066 987 2665 9510 7397 3602 4899 6377 6868 5487 6846 1971 4161 1895 5613 4451 2049 3033 7834 7173 5296
25 8342 7451 1912 4130 8670 601 352 6042 2351 6262 5511 2997 809 6640 5905 4176 5239 9961 9840 4751 9531 1426 4891 1829 6099
25 2735 3585 8882 6356 5860 9790 1496 2924 6862 851 3813 4016 8353 1184 9149 4754 3581 8860 2728 7485 9119 5647 1825 443 9417
25 3200 9846 1745 5182 6839 6833 7394 8750 4356 6856 3361 4362 4461 1029 5475 7369 2946 8997 1238 1483 710 3562 2586 978 8078
25 3005 8868 6409 1644 7490 1245 7014 6643 214 9378 7907 5261 5156 8026 4464 7571 470 7660 8417 8683 9786 6919 7375 828 2865
25 6695 8425 8637 1309 9171 6832 2039 8283 1767 7021 2303 1370 8469 7740 2186 3062 9181 324 6847 5935 6465 4545 3412 6918 5046
25 4761 1386 7846 779 3566 8063 4685 2653 883 5614 7746 8692 5186 941 3554 1270 8602 8482 9360 8581 2886 5398 7349 746 8113
25 8699 4021 248 6493 4605 8591 2164 8440 7556 4850 8963 1610 6854 2162 4290 1893 5833 1786 7719 471 5979 4241 5578 6311 2185
25 4080 4421 2464 506 5256 9800 8173 2128 2874 2205 9839 5168 647 9855 8317 8264 804 8809 4316 5876 7044 4277 5836 361 54
25 8406 9680 3138 6379 3092 9881 886 8160 4395 7363 5706 1388 6835 6117 8315 9772 4610 8765 5989 7083 8185 2463 8716 6148 4719
25 6304 9087 7246 3746 6208 9681 1340 9330 9089 155 929 2676 3918 7777 6095 2685 8058 4265 7184 430 5776 9350 5331 9922 4374
25 4225 8614 957 8783 3608 4087 1783 1896 8293 4847 903 905 5061 8032 4169 9587 3151 9622 4905 4553 9399 6288 9472 766 1549
25 1200 1613 8464 9362 8667 8259 428 2468 4326 889 1856 9571 1448 3037 6017 3964 469 5741 6007 9253 7138 1956 1619 6226 5446
25 627 1908 1430 4869 7691 947 7236 1779 2285 3756 2068 5403 8649 5681 9006 3460 6588 9958 8567 4390 5435 6586 1060 3313 2203
25 1372 7171 2661 9712 6159 4209 4690 278 870 9894 2803 6038 5013 5100 777 8153 9279 21 5591 2595 7767 4127 1385 8195 1855
25 8146 8773 1994 6633 7823 3053 7296 5692 332 8081 8922 9062 6947 8759 6238 2396 2339 7332 9384 2113 6991 5631 5434 1285 3277
25 6875 6402 7915 7561 2829 4035 7762 6155 8029 8357 3575 3725 5421 7033 3834 4995 281 3485 705 4771 3464 3825 4700 4424 8201
25 8133 4511 4673 5245 7150 3621 3083 2613 1328 4892 8003 490 9235 890 8109 6204 4126 3015 1772 9676 3902 4185 3762 4399 4140
25 3067 5381 5967 7372 2171 5523 7344 8748 8228 6192 1182 7326 9085 6622 2177 6501 2193 3280 7781 1147 2251 8497 5512 7011 2862
25 7357 6182 2108 8823 9641 935 9410 5391 3154 3828 217 7796 1171 9553 3348 4765 3234 6334 5923 7744 3850 247 3954 3711 8895
25 4742 2742 9744 1271 2885 2272 812 774 8161 4870 7006 6134 1162 2057 7240 4444 3600 9883 9664 1118 2493 2786 2669 3631 4271
25 7993 284 1491 8506 3974 9779 3565 3940 9357 8039 4634 5303 895 8752 8732 1103 8391 5533 4702 8824 437 2502 9601 1868 5840
25 5440 1189 9546 2975 2790 9987 6772 2190 7737 6446 6264 2183 1743 9841 17 5667 1991 4620 5257 8517 2604 4901 3032 899 1929
25 9974 775 9127 1564 8768 1470 244 6326 3701 9268 5680 8811 1464 8068 1782 4928 6144 2022 2259 3505 1987 4378 6934 1905 390
25 7585 6023 5535 691 9141 7894 3117 1045 6179 536 1650 4919 4708 8476 1821 8479 3303 5388 6661 4069 296 6104 3987 6761 5877
25 1830 6485 1864 6198 7342 6165 2248 596 6312 8177 4710 6382 7521 2945 5932 5917 3981 9596 2226 1643 6417 7678 8964 7756 8611
25 7141 8190 5287 7916 5769 8981 3459 250 4878 1776 3022 3308 2753 6286 2053 1361 8589 3641 5515 3787 6595 4416 1540 5629 3638
25 3197 5955 5300 8945 3636 3340 6858 8159 4358 3714 8034 4565 7893 3258 9949 8828 5581 1572 8658 1952 3417 60 5850 5575 3274
25 975 1625 2639 6818 3851 2121 3193 4423 5027 3682 118 2058 3895 7582 5585 985 6281 7800 6145 9955 2188 7617 7036 8171 452
25 6265 4973 4586 7602 9139 4990 4591 8093 7778 7598 9975 4582 2546 7511 6510 9807 6936 9423 6568 2158 1456 1242 3792 479 820
25 8448 8102 1002 2907 2132 6920 3338 83 5522 524 2611 1151 2572 5755 3013 7854 5736 6759 5623 2847 3522 994 7160 1115 1134
25 1995 4090 8804 9537 3839 7043 1198 4777 1365 3406 9460 1525 8067 5925 8050 4721 1234 8676 5867 9591 7836 2273 1356 5063 2145
25 4733 9282 4450 7686 5699 2332 857 1008 8121 531 4001 8733 7966 509 33 2877 3357 3926 4680 8132 7979 4321 1951 7937 5443
25 565 511 9505 7903 1433 1047 9179 6387 8833 8599 546 6234 4722 5488 123 4946 9783 8452 9332 3702 7251 4592 9673 5047 8210
25 483 6293 9199 9045 7647 409 9112 3574 9441 3082 5036 72 1571 6790 174 4061 6837 8998 932 472 5543 9716 9203 1038 4883
25 6189 9466 91 76 7045 4667 2513 6897 8779 520 6385 2146 7113 7541 7841 1797 3977 3658 7244 2389 2615 6770 2554 3897 4817
25 6735 2384 4643 2366 5756 9052 7197 9948 7353 8312 4012 6938 5780 414 7755 721 6594 6732 5773 6509 4324 5414 5749 1680 3041
25 6547 3697 4376 1803 7193 2477 2021 3269 996 1886 8360 7883 8513 8875 1482 4551 9521 8920 7604 5685 4492 5937 1258 8333 7058
25 2784 8167 6877 5425 3708 1186 4429 3657 8088 6089 8549 1651 2574 5843 7124 491 6175 1287 2094 7382 6458 6534 8633 1569 9606
25 533 1111 2919 6538 1123 2599 2942 202 686 1428 2085 5171 3118 1229 4736 8834 3942 9014 3853 4251 579 914 3259 790 5760
25 6228 6381 6305 7558 7525 6128 5702 90 6061 542 9572 5992 7003 4574 3389 9798 3677 3019 4216 6500 4122 2223 7968 9865 2491
25 6710 6119 8575 711 6021 4711 7579 3910 1469 1612 9366 1239 6180 4148 429 5772 3936 8082 3180 9168 9131 4446 1602 1230 7038
25 6418 7438 245 6969 6672 9270 2670 2031 887 2948 2476 589 2607 4368 8757 4579 3131 8369 5117 522 8777 2508 1003 7183 1173
25 2603 2973 1910 1250 7119 4274 5976 2762 510 6380 1918 9594 4144 4110 4413 9562 4357 1044 5302 1851 764 8957 4077 757 8377
25 271 7092 9495 507 9022 8918 2959 5219 4289 1474 7327 2428 1197 1068 564 2054 7423 8097 7032 571 7723 1559 1378 2953 107
25 2278 5771 1500 2982 2270 3534 8597 1870 7528 6953 508 2808 6866 1766 3260 8270 2624 4134 7034 8552 5883 1006 8913 5048 2457
25 2507 4855 8965 1553 7843 8020 2634 9963 4739 34 105 6733 350 4609 5258 2262 3290 7748 8755 6315 2280 7632 8002 1304 4538
25 328 8191 1221 7941 6799 9722 4366 6102 5655 7616 1707 7187 7747 7200 6525 8845 2091 1826 7959 3255 3903 3688 4846 5416 7335
25 2934 2293 5069 5160 7567 8407 6563 7503 1098 5481 8725 1737 6578 3594 5823 2995 5096 5109 8488 2866 3080 1377 1150 4383 1446
25 2123 9068 8652 501 6450 1402 3939 3 5292 4278 5154 5807 7775 8056 5249 597 3070 8130 4 8336 4145 8319 7742 8722 7809
25 9996 3176 9286 660 6550 2115 2228 6462 817 2093 178 9113 8325 5830 7652 1621 2460 7669 8966 4697 6624 5988 1718 3586 8685
25 1609 4815 4653 9735 8831 9859 680 7958 8719 4816 8459 2852 8208 5039 14 9715 6411 3179 2486 5735 1837 1805 7215 1552 8753
25 8484 419 9761 6168 9934 6900 1281 2431 3547 9027 1531 6416 9440 6427 4589 2555 312 5845 6544 136 2175 9850 626 9467 1662
25 2986 1441 1326 8640 2390 4396 8273 5031 8763 9400 7254 2416 6071 6583 4856 3385 3227 4375 4075 7828 4936 7460 2840 6368 3858
25 3654 6076 5636 3482 9897 8212 7143 2323 9969 4521 7420 2761 7715 9381 5577 2425 4172 1484 389 3059 2103 6869 3679 8850 4931
25 4935 381 3735 7422 1104 1041 5093 2547 659 9135 8673 369 9445 38 5104 810 341 9936 4267 6911 7405 6400 8802 7986 8139
25 1313 8338 1970 6987 9631 4246 306 9225 4163 586 9050 3521 1649 7470 404 9041 619 4199 5233 6045 8507 8131 4760 7649 6051
25 2465 8462 3990 8485 1942 9321 5451 1750 3751 2901 106 8241 6346 5330 3868 2763 5115 625 3627 8372 5571 2287 4239 973 4649
25 8559 3435 9720 1710 7266 2244 2635 6331 6223 4560 1781 5221 1167 9603 7483 788 9646 466 1400 5253 7844 8636 2890 176 8048
25 9757 159 444 799 9475 8150 9651 1937 4101 969 3818 3225 2406 1124 2043 5740 9434 8 9589 2490 2409 7307 4972 3097 9608
25 6139 5717 9830 2180 3740 1004 3573 2119 8284 364 7542 330 6826 8064 9223 5796 7431 5742 7337 5900 4554 455 438 8278 3984
25 1757 6026 1222 3773 1005 4050 7707 3949 2254 6793 3933 6129 5648 9995 8344 6236 3551 4500 3642 8538 1642 3664 8152 6419 3927
25 4071 4143 6393 3393 3199 9114 9072 9570 6932 3915 9872 5267 3161 3166 3300 4797 2204 2637 8322 2133 299 4133 2169 8279 7035
25 6410 4630 29 4709 8179 6898 1804 7205 9866 9701 6581 5255 7945 7030 1678 4669 4434 8999 9214 4813 4978 3349 2671 2540 7441
25 6711 4882 7548 3663 8401 7140 6602 8450 9419 8512 5313 2932 6549 4999 2392 3876 8487 1824 4236 13 3863 4296 7163 6063 6675
25 6913 8155 5193 1046 4147 8298 4394 4805 9079 4430 3368 253 9353 8983 5288 4329 4548 1014 2879 2371 4678 207 7376 5536 9990
25 7499 7129 1109 9481 4703 6000 9224 2831 4830 1875 3689 9320 4138 4381 5509 1411 7385 4458 7974 1318 4923 5586 5286 3125 1858
25 3972 3795 7019 9065 2320 5472 3016 2957 2854 2793 1917 6395 5529 4621 8393 6443 6979 7803 9145 5505 4057 6242 2441 7166 5549
25 8890 7040 4205 3623 5442 5603 7009 5981 2955 3351 1067 1785 6344 4382 1899 1940 4438 2631 7131 1698 8468 9803 5672 7519 406
25 3375 8157 1560 4872 8134 9813 1297 8291 2680 2023 4902 1444 765 6972 2282 331 3561 5946 6827 3254 2361 7039 4018 9931 1359
25 2166 7118 2981 2928 2324 353 9474 3130 4217 4074 634 5007 7961 6097 6720 386 8206 4896 6249 6016 3000 2853 2806 8163 1064
25 4020 6740 661 646 8261 6764 6605 3101 6655 1911 2535 7060 5562 9372 53 3653 9767 8647 3824 9937 6448 9259 3528 8267 1705
25 8262 5713 9563 2867 2304 7636 1078 1208 1381 6905 4100 2065 5993 2527 7947 4534 885 3681 5936 8541 1174 432 7146 4580 9910
25 9805 5516 7211 403 4938 580 7365 9917 5116 7212 9363 9748 8621 1566 6343 822 2083 197 9669 2155 5894 2148 1708 8959 89
25 9965 9140 9289 5466 1299 2 5163 1012 6940 7090 2565 3979 7529 345 8242 9905 1877 1638 559 8282 4142 8907 3264 9178 4640
25 5049 5060 6689 8194 459 7769 8843 275 1965 4330 3968 884 600 4627 8144 3150 8095 9269 9953 9898 9970 3644 4325 9854 8865
25 672 1384 4031 1276 6825 8620 7389 6734 2374 8872 6712 3784 288 5795 4791 9683 4763 291 2349 5002 8893 3458 6323 7996 2627
25 5282 9538 9402 6491 852 8970 2649 7610 8909 2419 1458 2891 882 2201 6962 7583 1445 9154 3447 1019 108 4298 9380 5788 7496
25 5727 549 6649 7463 3798 8617 9288 4345 5083 4259 4932 6798 9108 5914 9519 2616 3343 8946 2372 8126 1663 3971 5130 58 9916
25 4984 9409 4327 3205 4654 6751 5366 4942 8437 9612 1423 7067 6886 8604 8743 9051 1792 3998 2286 1128 3128 0 3514 784 9250
25 8370 7196 8664 4167 8368 1667 5394 9425 3673 1302 6904 9125 2365 1954 308 8608 294 2612 5930 1641 7302 3069 2427 3613 8923
25 8832 4826 6526 7401 1584 3672 639 5858 4523 3421 4449 7339 359 3075 7885 3091 1397 1476 4570 8891 7667 8572 7343 6613 2773
25 3603 4228 4867 1176 9421 3685 4970 5537 8127 2947 3467 8819 803 179 5216 2573 1155 171 1161 3671 3346 4908 9533 9776 7223
25 519 2217 6340 7808 3267 2375 8960 6332 5878 6736 4730 4055 8776 4201 9911 574 2727 3040 3520 6384 4269 3899 5714 5504 8123
25 3546 2112 4078 5907 3104 1518 6601 928 668 2667 6681 2350 7827 7944 2630 7655 2005 2218 6335 4926 142 4354 3727 807 6603
25 6053 5477 4792 2235 1831 4499 4297 2116 9420 7608 7550 9655 6091 228 158 7659 9169 3390 2277 1347 4783 5456 9309 8441 8594
25 7230 753 2673 4602 8079 4636 3038 4250 760 7865 9244 5336 9426 6449 7396 2812 3801 7121 8162 1085 5150 7611 3134 4042 6492
25 394 4657 3477 1897 9633 8300 230 6164 8493 4433 5091 9386 2452 4524 5236 9692 5767 289 8168 5676 8941 8100 9876 5855 9123
25 423 4017 3122 2748 1415 2846 4834 399 6033 9077 4890 5484 5590 6506 7560 2099 4419 9486 3273 8710 831 9443 1472 2830 5745
25 5856 6430 6316 8901 4594 5486 74 8601 4880 839 7578 1039 71 3707 5822 4997 6627 2656 598 4925 1284 9642 1140 3028 8825
25 4648 5234 802 196 475 5684 8237 1509 6064 7914 8465 2288 4280 7094 2980 8303 2423 9814 9942 7161 2032 9198 2704 3456 1615
25 2720 7884 3249 6562 3877 4411 8798 8688 318 2990 8294 7292 6072 1401 8709 8810 2237 5513 6086 2289 6487 859 5597 3588 2300
25 5086 726 7162 1774 3772 5214 9424 7501 2048 1065 5180 1854 6531 984 9689 8729 6876 301 4820 5778 3431 8330 1082 181 1542
25 4794 830 2292 671 7208 4352 5187 1314 6777 6253 8643 3736 1666 9342 5640 2370 5355 6088 1427 5918 2318 5399 9296 9484 2664
25 768 9291 6663 9319 9382 7077 965 1255 1233 2837 9236 3953 3852 3955 6287 2422 5492 6990 4993 8839 4425 240 2902 2358 6348
25 825 8118 7988 1595 5417 916 3476 7546 5904 714 3428 3247 8388 3202 6728 1739 5975 937 2864 7725 5718 1599 3637 8013 6872
25 9625 69 4063 1193 5991 9611 970 2016 6149 5882 1688 5496 6075 9492 8565 6950 3376 1820 5797 1570 3507 2445 995 7714 9637
25 3294 92 9696 1568 1282 9694 9649 5525 543 3788 2841 4155 1814 5965 407 9377 2437 2855 7432 6834 4005 4308 5412 5542 2815
25 119 655 7512 8207 8447 4879 2899 2017 7322 3501 1770 7805 806 2066 8754 8680 5489 75 592 2594 7773 5944 12 913 6439
25 9347 4115 6541 7203 5892 5351 1532 7081 3439 7982 2309 3508 5135 4436 3832 3896 7400 738 6214 2449 3081 3223 1301 6330 5010
25 32 6645 1263 1102 918 4944 8539 8938 3230 4360 8289 3209 1554 4616 9908 7544 7478 1703 778 8047 8677 635 8215 9336 1439
25 474 7346 4913 6582 65 7085 4443 5076 7169 5627 2778 703 9858 3018 8805 4837 4447 4442 6789 7760 5410 8908 4811 2509 4338
25 4980 2912 8713 9030 3789 9264 9554 4044 2632 6137 8749 4026 2674 7082 7886 344 40 5570 6317 8527 888 8622 685 3870 4129
25 9164 5649 523 5818 4696 2291 9658 7392 7149 6359 2256 1520 9592 276 9379 4581 8107 4672 9674 7977 3322 8910 4286 616 49
25 4112 8955 5996 7515 9778 9988 4884 8917 1338 3136 7998 5851 4596 2889 23 2346 9966 4427 3252 4916 1732 5376 5044 8744 1343
25 7471 9345 6473 463 3601 8814 1429 1393 8419 8662 4503 7858 6660 2137 1673 8354 8286 3400 5687 8554 722 3934 3275 242 1425
25 7557 7494 1272 4104 5764 1248 7321 732 9060 3382 5852 6083 9857 7675 8014 5223 4952 420 4626 7946 5461 2007 3347 5125 3491
25 5948 9610 3311 6580 47 6062 2916 2504 7284 7637 4407 4590 5945 7275 3003 7480 8986 5839 5368 51 1966 2564 6444 2755 9668
25 7430 6329 9394 3885 8477 2241 6716 4802 4985 5530 6353 7195 3815 7486 614 7132 6028 6968 1295 6748 3380 6890 4192 836 5020
25 1240 1735 9992 3904 8373 2589 6008 485 397 5605 1714 4389 1807 2440 866 4226 2433 31 8409 1454 8877 2408 1880 9215 1935
25 1674 4713 9128 7013 2648 8951 9972 1050 8542 5347 2668 9833 5139 5026 9173 2161 111 5813 4448 1822 7112 7771 6032 5857 1374
25 5668 7114 7901 8774 7301 2174 5584 1502 81 2850 7923 6383 8605 1631 5732 3827 2194 3728 8340 8392 5333 4393 1722 383 3871
25 8787 2313 8631 1752 751 1902 6366 385 3121 1165 3137 7137 9919 5526 9893 4668 6635 4151 6621 395 1360 5269 1510 1577 5895
25 9314 4704 175 1232 6002 7227 5210 310 2274 9896 4470 2832 1960 8568 4738 2283 2191 9527 1849 8508 4157 5067 7487 2221 9005
25 7465 8367 6893 7209 2455 9160 5371 4857 3704 1778 5260 4527 4322 1719 940 5468 6396 3240 6585 6158 2321 557 5244 4691 5555
25 8711 9450 1220 3584 3065 9263 4105 5862 9962 5372 500 8408 7107 7838 6231 776 5226 6592 3609 6230 8778 4662 3665 5859 9404
25 4910 9947 2453 6041 908 1177 1791 552 9548 6001 5765 3962 4740 4543 9094 3419 5985 2011 6731 3804 9359 5784 6693 4557 2253
25 1465 6244 5465 3314 709 9292 6213 561 7250 1539 5802 9598 6951 6275 9959 5128 8790 4288 447 9791 7437 2658 4556 6349 1622
25 2783 9619 3966 4048 9968 4426 2857 6030 1033 8562 9565 4625 1946 6945 4508 9624 4174 8249 6576 4578 8069 6080 9765 4563 5110
25 6123 1323 6956 4113 2382 3524 8616 979 9941 2633 4762 7505 6259 4391 1600 1049 2125 4333 8043 2430 8971 638 8994 4750 3975
25 6239 1100 9743 3775 7799 1030 9082 8995 3299 1072 2359 8544 7443 6894 4283 440 3175 2692 366 5339 6364 2610 7458 2609 8337
25 8803 7861 9526 6757 1949 3583 7176 5565 8883 9490 7549 7599 334 1389 6891 2974 3449 4019 5494 2249 295 8371 3378 1479 535
25 8435 1627 7364 7931 292 7513 3292 4369 7534 2557 9107 8627 2532 5298 3379 9740 3700 5910 5458 7268 4577 548 5264 4795 218
25 1503 4034 8791 1838 8953 282 8101 8103 1451 4011 6727 2387 2826 5447 9518 8387 333 5677 5806 7720 762 9770 8861 8124 9339
25 6831 9316 5695 9815 6029 6263 622 4635 4359 4070 4409 9822 3078 7694 5365 3071 540 323 2475 4215 6365 4641 2130 7393 5478
25 2056 8681 9265 3425 2335 2515 425 6882 5519 8844 4123 8383 8004 2446 8975 7419 6105 192 9365 8352 4671 6828 8211 4049 1699
25 666 3655 4788 7609 3510 1692 7217 7220 9327 8030 2741 5097 6928 2533 7734 1059 3330 3769 7772 1760 5896 7154 6644 3737 9277
25 3616 6942 7687 3073 2355 3879 7793 3474 5309 7790 5343 6785 8635 9324 2369 9231 8982 7084 2608 8202 8154 7969 7008 4599 4886
25 2883 1565 2706 893 6865 2539 4776 3842 7403 3354 6171 7782 1130 7488 5786 7736 3452 7845 9808 2638 9290 6768 7983 8463 664
25 497 6132 6280 1364 7004 3765 7668 8492 7927 7926 3659 6309 3810 1675 3217 7269 3529 4897 5705 1526 3224 5055 7696 2909 391
25 2436 4958 3833 2082 7929 5291 6059 5023 6552 8928 3006 3511 6040 1632 9428 5580 9868 6052 2219 1216 1114 1204 8260 4054 758
25 734 3629 8996 8766 5001 5957 7633 3667 1996 4529 6692 9982 9016 1533 9516 2703 4272 3336 1903 5147 998 1547 2620 8147 4501
25 9306 1863 4223 8028 3381 6989 2754 2401 3360 678 1342 4089 2472 4030 547 4612 9501 3844 7151 5280 9811 4951 900 3969 1157
25 9078 6186 849 6587 2126 5829 5503 5559 1316 2732 3045 3668 9678 4454 3568 4222 6781 9200 188 8397 8238 966 4108 2851 4961
25 8203 1550 5304 4195 2935 8547 5658 7098 6054 6243 567 2364 9695 426 4632 7027 9343 5022 7408 5720 8054 3978 9488 2868 2691
25 4693 7134 1833 6879 8277 8193 3228 6925 1810 1945 5921 9904 4838 5564 2336 2598 1268 9509 2064 5889 3526 4726 5588 8726 1958
25 3281 9820 1113 1013 2315 4784 4698 4840 8650 2081 2018 8108 1590 8537 2087 9105 2545 4361 2136 6388 9387 7489 8301 5665 7175
25 109 6101 6985 4353 3753 572 8761 8583 442 9233 5498 8362 2092 2705 8355 5612 5969 5455 4982 3959 7681 160 418 4812 2276
25 6206 1527 2008 2061 3466 1834 1199 5006 6357 2712 1421 7411 8924 1108 7012 4408 5413 4459 3301 7577 8375 5449 3856 1652 143
25 5235 6843 8801 5816 39 4699 4718 2745 1168 1941 814 2636 6325 6823 2721 2212 3268 2354 6176 1164 797 2353 2322 9227 6060
25 7314 7889 8176 9613 4170 3443 9278 5382 5301 3446 1657 2796 588 3982 9903 2749 642 8151 6464 8087 8770 2100 3120 5293 562
25 8784 6141 1407 7804 5990 1963 9355 7417 7735 1591 3805 5430 7495 2333 4572 2654 8015 6914 9895 8327 6559 4779 8350 7459 6600
25 9733 210 730 7172 5837 4806 7282 8314 8705 3738 3913 4915 2896 2222 3587 189 4646 3670 9787 5664 8174 3618 2845 3413 2450
25 9550 921 2110 2402 4141 2525 3938 9799 1163 5080 3061 8116 785 4420 5327 5521 1187 1280 3023 1092 5874 9545 8253 9711 1809
25 2538 8758 9133 7380 8272 3461 3173 2684 6292 8200 9754 5278 7142 1413 3399 1351 4456 5924 1462 6545 7356 4445 5561 667 1452
25 6466 8566 8629 2910 1685 2717 3454 2062 621 1790 904 8851 7695 4466 4102 6140 5204 5419 4844 488 4818 7917 446 7304 5248
25 8236 7994 3325 193 93 161 6910 285 9234 505 2903 8906 8969 4051 6130 5195 5320 4768 4252 3335 7093 5111 8008 4120 976
25 3821 2036 902 780 9823 9033 6816 1449 1286 907 7248 7330 1317 6551 2088 9861 9760 1390 2258 2795 706 8276 2816 3402 7467
25 6706 4873 8892 6392 527 7278 4406 4801 4135 4033 337 6486 2471 2266 7158 1278 977 8180 1720 262 2878 1055 3533 1185 9849
25 3555 5576 1414 2233 2937 1194 1913 3893 4644 9944 880 872 5196 7492 7780 681 5242 6460 8090 2736 6111 321 7676 5493 1507
25 1097 9134 4875 4245 1980 1455 4029 1879 5827 5999 1538 4486 9036 2302 9529 8240 1 8455 1919 8424 7002 7581 6626 910 3914
25 4601 300 5783 6455 3925 7847 9457 5167 5042 1508 6572 7651 6142 1915 2911 7520 1036 1748 163 7054 9792 5407 3388 7953 5884
25 7685 7020 5241 3326 9871 3648 8189 9636 3498 4651 4727 9310 9964 7055 6374 5643 9189 1581 2059 8083 5077 5030 9069 8384 6096
25 4455 554 4767 8864 4953 5689 2231 1604 487 3757 5181 8721 4073 113 861 6447 7297 6014 5098 6354 3110 5108 4488 5294 5224
25 6424 9071 832 5473 7614 1981 5849 516 9630 114 3763 6463 4831 8764 8145 7377 2870 5207 5057 2294 7851 1136 8885 5254 2038
25 7862 156 4260 3826 7645 2626 9436 8821 7516 4851 7890 6554 3219 5572 2541 4132 3086 9717 4079 6701 2055 4983 2200 1948 1403
25 9274 9890 8290 4227 4003 541 2412 8247 10 4164 9704 2150 9385 3674 8944 1811 8460 5949 781 605 3517 2134 7053 9693 8762
25 5387 8445 9226 5212 9191 9000 7629 5674 2875 3213 1175 6709 6658 5420 988 5326 4864 8305 5318 3595 5408 925 7105 4310 3492
25 5721 9464 6031 6596 6584 133 8855 7679 357 4478 4694 8287 3909 2588 2344 184 2643 9494 3724 9764 7348 165 20 9024 4186
25 9670 5295 147 9684 7594 1355 5690 8550 126 5635 8504 1789 1071 7500 4934 7473 6049 609 6844 1158 6505 6717 6073 4650 1726
25 206 3030 3366 8826 5143 1796 4232 8446 3263 3212 8531 4304 9096 4431 8381 5671 2985 9307 3518 1366 6152 1626 6221 7899 5029
25 3445 7704 7135 7226 4128 3754 2179 6970 9044 4397 4526 8164 4076 7664 5770 2723 4692 5604 5832 1195 3922 8070 1300 1645 632
25 3411 9926 8229 8806 9187 6713 7860 7298 9498 4613 1499 5004 5102 2619 5938 9824 9147 7359 9048 5363 2163 9243 8727 9831 1704
25 4428 5507 2787 9981 951 9100 1057 9442 1686 3650 8416 9081 4453 99 3960 2050 2157 3405 9773 9552 6606 6084 9184 7235 2528
25 277 5332 7493 4866 8073 9950 9886 3843 6824 878 8252 8742 5527 4514 8117 9994 6845 3283 1172 5811 3207 4301 7700 9739 5273
25 7677 842 4836 1660 3169 5184 3489 5050 6629 3570 2154 2769 6408 7199 2863 5131 3465 16 3244 7025 5531 5653 1808 6750 3780
25 489 3276 4966 8915 9106 5954 3537 7627 4452 9602 6515 7817 4809 7291 8894 6684 6147 2035 9663 9700 6074 2376 5854 6339 7739
25 3544 5970 7323 7444 315 6771 1132 9392 2407 2051 7062 8390 7256 4340 1617 8846 5737 1262 3716 8166 8216 5596 6960 630 2926
25 8219 6216 9497 6519 1110 7770 9734 991 7726 7531 9053 6369 8052 5739 1926 5146 576 9656 7624 6978 9507 86 4823 2521 7264
25 3129 9511 5809 5208 8573 477 1394 9556 260 6829 8660 4571 7866 63 727 4082 7806 2823 6194 9129 5175 8429 7017 8582 923
