29 5831 5955 7569 1196 7699 3291 1178 4282 2601 8211 7071 8511 8665 781 6510 3897 5040 884 7428 9758 3751 4859 7445 4905 4008 6798 3931 5897 6974
29 5454 1813 8434 5483 3536 6262 8634 9986 9954 2499 2289 9067 1319 6098 4161 5577 9469 1351 3638 6307 2650 6642 6070 6103 9476 7106 6435 3554 960
29 9997 2191 3258 7115 2469 8549 2053 9790 9795 4630 888 9548 2606 6253 2981 8688 7212 3824 8186 8098 2880 1501 5676 3424 8845 7856 9900 1551 6413
29 2820 2517 1670 4957 5583 288 7773 1541 9753 9994 3791 5699 2355 1402 5504 274 7081 5880 4357 7476 2827 3591 2579 2250 7810 7677 9349 8167 6090
29 2854 5160 2648 405 357 4009 3033 5228 6167 3192 70 9575 7000 1972 2811 4112 6518 834 7628 9199 4894 3823 9063 6662 7544 4222 1270 3970 4576
29 6599 7179 7251 4896 1260 6046 7327 7866 9898 525 3487 5096 2818 5998 7844 9455 1352 1886 8269 5179 1625 137 9945 3559 6631 1798 7004 8744 9354
29 8019 9211 4071 1192 9627 6493 5683 8201 1258 8251 5687 7906 2877 7157 2671 8871 4549 9323 8419 4725 4234 9496 9026 8742 7490 6397 1607 1106 7917
29 8033 4077 8044 2399 8166 3518 1822 4116 87 4388 7610 2116 7336 7589 5994 6462 4610 9671 9985 4330 9746 5203 5172 4366 8002 8218 8774 6133 3708
29 4506 280 2554 5553 9129 9874 7538 7607 760 8993 743 8734 8899 322 5716 2193 153 5565 478 6984 7797 4810 7224 312 8823 8487 8402 2716 5486
29 1111 4501 2182 5247 8699 9752 4903 2642 5401 4828 4201 4127 9871 76 2656 2251 6223 6079 4482 967 935 4971 6579 2694 3936 2862 7697 265 4915
29 1434 9243 1492 667 7230 589 8865 4672 3417 5474 4497 3553 5913 1585 2682 6743 5746 8135 3046 2216 5620 6568 9348 7644 9863 4411 5870 1099 8548
29 7590 1125 6959 2963 1964 2395 4677 2591 8381 3865 2021 3434 1371 5611 9704 6072 5956 4865 9896 9471 8806 8474 752 8633 6136 6495 7903 2007 7911
29 7759 570 1816 2570 9967 4082 4104 9395 8316 5058 8325 3850 1144 3094 3477 4378 2697 4162 6106 8608 3617 8521 4283 4468 4666 2572 3030 4771 3080
29 5679 445 4574 702 8543 5020 3443 6902 5969 6221 1435 219 6780 4914 2464 3983 9630 2425 2473 5891 7780 7497 6342 4927 6907 9113 4680 2431 1993
29 333 9328 1531 7611 7575 3537 9223 7878 4640 789 5350 741 2465 9135 3828 1496 5174 4094 3085 8403 165 1251 3023 9377 1509 7951 5092 6055 6614
29 1179 3076 8971 446 5632 5144 8266 2433 7931 8912 987 8330 6893 9792 4120 254 3939 6617 840 2696 7254 5625 6593 9977 4369 2514 5915 5928 5517
29 3016 9360 8835 8949 3350 4046 4278 2410 9362 3802 5584 1524 4147 5367 7312 2979 5567 4557 7133 7208 9532 8508 298 2856 1580 1820 6332 4256 8618
29 719 5500 2557 6687 6113 6767 9055 9356 380 2624 7466 3545 5411 3284 9118 802 3895 7829 2259 7070 5164 9171 6880 3729 6660 1385 3202 277 98
29 5954 3123 8267 6482 3855 2664 1575 6470 2274 363 2931 2178 1754 8686 4855 9292 2327 756 5098 9981 7266 5710 7857 983 4631 7930 3161 7537 411
29 9191 3756 5097 5209 5999 6123 4673 4642 1897 6615 4679 1880 8455 5198 5230 5730 2364 9276 772 6788 3497 1729 8456 3848 9710 4698 1327 3120 1185
29 2603 9447 2563 1734 5258 5400 4639 9546 7691 7955 8602 7105 5803 5108 9769 2581 4843 2899 211 3245 4198 5814 9379 3066 7396 6503 950 7806 5823
29 9670 1048 5721 1595 4909 9761 9721 2489 1759 6233 5440 2643 4599 916 1936 7276 9077 8866 3222 4854 6805 8157 9062 2104 1375 889 7094 4690 4556
29 2446 4049 7421 1377 2 504 3847 5376 7872 4017 21 9178 3273 2184 5152 1458 5027 588 4826 1394 8071 3561 6840 4721 4291 8011 3796 5635 7936
29 9145 3265 8710 429 1776 9811 970 794 5170 2457 689 4504 6368 8142 9060 6670 4838 4800 9465 4861 1164 9663 2875 2491 7048 6011 3872 7470 870
29 3440 6062 1424 7648 7992 784 8027 2748 5084 4550 3608 7935 3228 3807 831 3464 1050 3102 1502 7225 9843 1455 7301 4036 517 3993 9094 9748 3504
29 8141 9861 810 8017 404 736 1592 8478 2477 2654 8577 4785 5162 5578 8109 8601 9830 5692 4404 1252 9234 3133 7169 9610 1393 5402 6722 6647 6172
29 1666 275 1938 6234 6935 158 9803 5759 5433 4025 5028 4818 2577 9365 4918 4845 6471 2692 3776 9016 5663 9369 6239 1790 4688 4702 2789 3071 5738
29 9058 666 49 548 3442 1076 6618 1562 4588 7163 1671 8347 5420 2153 539 7564 8867 1391 3728 9946 3523 3935 3374 9865 1937 2828 1540 869 7820
29 2995 6257 5966 7487 7397 1772 7976 5157 2175 7993 8808 4021 3146 2314 4551 2753 101 8023 2639 8921 6132 4508 6196 6661 2779 8305 1181 4707 7996
29 2863 4473 8786 6151 2051 7752 8765 6393 841 7629 2725 9952 1797 3771 3926 4839 2889 7994 649 3853 3509 4912 2612 9253 6013 2257 3173 1991 7688
29 681 352 7787 5128 130 3036 9407 1282 7316 9658 878 1206 9092 8721 603 6698 903 3602 7585 272 727 8951 3910 5946 4271 4270 836 5285 1778
29 2038 8653 8969 3476 6869 8778 5348 791 4562 1603 4489 6586 1244 3449 2032 7558 112 7813 268 2460 608 3874 7139 3163 2510 4197 4791 2678 6898
29 9832 8468 5944 750 2169 7259 1677 1229 2142 3167 1802 2050 9703 2743 6388 2741 8497 568 3248 2974 4528 9859 8647 9020 5391 9080 3468 2134 582
29 9738 3496 9601 7798 6620 4622 6304 9936 4221 1089 8628 4565 39 1721 2428 3344 3650 5199 6528 7634 7913 9965 828 5702 9620 2008 3957 4875 6202
29 7418 3632 5130 9804 8439 3405 1794 6990 7468 8477 4726 4290 5405 3065 6483 7757 5114 1161 2290 1043 136 7657 10 4450 8018 5344 3589 8225 8636
29 7426 1826 417 2472 5895 6348 8727 6049 9781 9851 1971 8391 5905 1034 7199 6696 3458 2270 2070 4778 8069 9132 4242 6139 652 4237 9731 8037 5193
29 2822 9538 9591 3482 9120 6868 8790 4628 8001 7812 1861 4728 2539 3759 2759 6851 2568 5806 3928 3999 3564 3689 4409 4061 2812 2441 8782 6673 7885
29 6042 6812 4088 2736 5086 8884 15 9848 3158 9889 5390 3631 6612 4179 3514 1457 4727 6045 4035 8300 1955 9259 1443 3002 2883 20 9474 9527 9212
29 2849 152 5740 1339 8547 676 7239 3170 1904 1545 2651 199 1097 9280 9359 6134 2945 6494 5103 3976 5626 3793 9691 1583 2691 5549 7002 5204 7492
29 6440 7205 8404 6936 3612 2221 2439 8991 541 9437 5384 7928 4428 5691 4761 4280 9427 440 6527 8767 1722 217 4462 2398 6356 3451 4274 9866 697
29 4523 3247 3656 8324 7449 3696 238 2450 9870 2194 266 3955 8769 4294 4851 6350 8773 9174 6505 3915 4007 7391 5932 9277 8729 3979 8236 2523 6246
29 306 8406 3772 9128 6578 5949 3680 4076 8627 6860 8760 7450 4132 7612 2082 7307 5971 325 2754 7027 4626 8312 9569 6688 8559 9987 6325 5851 5211
29 2870 1568 4169 8875 2815 3716 2747 4745 2247 4137 360 5811 8552 2165 9800 3961 8210 3419 2596 46 8457 5922 2392 2427 3988 882 5787 7978 722
29 9413 6497 7979 7394 1024 5516 6985 7980 7800 734 7835 3364 9833 7443 2657 4723 4525 2929 9929 6949 3933 206 4463 4042 2505 1105 8928 946 9163
29 5835 6956 314 7982 6910 6794 5682 6112 1485 1301 3742 258 9370 6948 9931 3368 6009 9709 500 761 4429 9656 6771 1529 7791 3697 1697 5398 1766
29 3160 3209 5077 2813 3735 9625 4307 1245 6280 8264 3925 1548 4293 2903 3888 367 5081 1720 8997 2988 8354 3221 5873 3352 7583 8105 2059 2587 7341
29 8725 9594 3827 6416 2930 1612 682 9909 5512 6163 1692 2928 3817 2973 6742 2645 4312 1456 9070 4972 9114 2196 9306 3141 1576 3687 4548 7315 7887
29 7277 3775 6347 4944 6925 9096 8012 6128 6295 3905 3035 5018 1182 6337 9344 1353 6653 2307 7410 658 3276 5576 2174 9667 8981 501 103 2565 6135
29 3875 3562 9942 9408 4311 9590 1217 6427 3348 7748 9087 3863 6386 8371 8558 6006 4059 4103 4842 1090 3966 4041 1311 2046 442 1446 8195 5365 9941
29 5371 1574 1924 3950 2343 7482 9669 4478 2771 5322 4444 3989 331 9862 9707 4335 7172 4738 5043 8452 5554 4731 880 8576 6619 8749 5372 796 5561
29 156 4236 4392 5886 9785 1283 6007 3079 6300 1883 8943 4140 798 4925 2939 3786 7932 3408 4389 7826 5338 1782 7977 4608 251 9586 2444 7839 9837
29 8232 2586 5334 4824 2578 5522 704 1342 7483 8655 1679 1526 3241 918 6291 7363 335 5013 6315 7874 122 2117 7658 2160 1543 7804 9152 224 2497
29 4172 474 9136 2350 1278 1053 930 9622 1609 1898 7352 5601 5533 2044 1461 9483 7206 1169 9867 1065 9000 8428 4426 1129 621 9828 7965 6680 6371
29 820 3353 9157 5129 6313 8250 4597 7406 1770 4289 972 8931 4658 5840 9672 4676 7656 5498 6127 7571 7920 104 7498 8527 5715 5907 1916 7066 8909
29 6130 5383 3551 2228 779 919 7191 2687 7526 7743 6820 8967 7877 5265 8787 559 9122 3359 2997 2750 2081 4558 5039 2978 6577 9947 1079 6806 2338
29 6428 6982 4481 1247 1380 6242 7412 5850 4194 3675 9529 9857 858 4160 7237 3978 5248 1606 9337 8524 944 7451 3676 632 3351 8542 4940 7049 5674
29 9159 8546 8850 9984 5829 1239 9831 1440 8638 2511 1007 6914 3795 2056 8489 5924 4893 1336 5617 7547 5544 5469 2284 8738 4615 4490 3601 3006 4361
29 4078 4805 7006 8980 1715 768 5244 8022 610 5900 4647 9821 71 6145 6228 9197 1616 6884 985 8612 4333 3864 8838 5677 894 1295 2670 3334 9138
29 9392 698 7529 5815 8339 2506 6822 3195 1602 848 1168 301 5592 3812 1223 7124 4310 2663 8984 2492 921 2089 9364 1378 9905 617 7921 6320 6301
29 6781 9960 7606 2304 5226 1756 232 7347 4263 1871 2132 1647 6115 4382 3401 6432 5755 812 9473 7023 9085 5364 5019 349 5221 5536 9003 4512 5885
29 6430 207 4238 6778 7442 5797 9585 6411 261 356 5010 5429 3584 2500 7882 1719 8599 3596 1073 8459 6144 1755 4029 8902 5101 6161 9829 2582 9918
29 3117 1833 1143 6092 432 2101 4231 3465 2937 9260 8794 4435 8604 8855 8630 1552 514 3723 6863 6270 3089 5518 7480 8802 9124 9535 145 9404 9438
29 7138 8568 1491 4632 6889 5298 9229 2728 7777 7891 4500 2397 4100 922 5450 8796 5652 9659 618 763 9926 7963 8739 485 2731 2275 3072 1773 8265
29 2851 4796 2241 5310 9891 2916 9462 6274 1132 6188 670 3454 5974 125 1103 635 4109 1403 5131 3372 8930 5788 4210 8045 4517 4936 5948 5240 4962
29 6340 993 5528 7724 2535 8714 9494 4969 6584 4110 6171 644 2260 8864 7696 9252 9411 5810 4299 5640 4876 3593 1005 4959 7125 714 8539 2668 7559
29 9321 8730 2265 6258 5680 8701 216 2435 1917 3427 2943 1867 5200 1847 6996 86 1848 6124 9518 3666 1200 6109 372 2434 4138 9134 7772 849 1177
29 327 2765 7309 68 421 1907 1441 1854 3724 4363 7484 5818 1618 3849 6147 7385 2869 7591 6736 3790 9373 2190 9167 7524 5615 2357 3404 2957 6014
29 586 8698 1807 3694 5181 62 1760 941 6328 6230 2207 5124 1630 7258 7893 1830 7013 6802 5419 1523 4102 1006 3397 614 9148 3354 7246 9452 6017
29 3883 1893 626 5206 9052 5148 879 9745 7202 6824 4864 532 3622 1553 5202 7700 5505 9046 7999 5750 4445 7904 2074 859 2269 7223 8092 7422 9018
29 1572 1573 553 5109 7625 4887 1487 5296 1174 3166 9808 7039 5442 9185 7088 9091 4226 5385 7333 8048 5920 2655 6209 6986 9041 9030 2456 6561 4254
29 6885 4878 6475 9756 6677 2519 7087 5396 4799 5843 1226 3430 9545 4617 2369 9923 9209 3891 4837 2602 7034 9305 2486 1357 7508 8792 9100 1864 9600
29 102 6638 8948 7883 5826 6556 7668 3528 3715 8798 2071 4873 2897 8231 4829 5259 3886 6962 4498 5421 6458 2543 9514 7220 9193 7843 1150 2809 4644
29 5260 1539 191 5237 2049 8575 4313 9540 7870 8641 4945 6434 3011 2534 6208 4332 5958 1941 5636 6894 4563 8344 4979 469 2866 4981 8416 5551 2288
29 6424 8394 4980 3618 4710 3412 5499 8500 4931 5133 3481 5106 7949 2354 7238 96 3837 4902 1823 4886 3115 7862 8088 9948 892 4224 340 4097 2518
29 7318 6891 1983 5934 1220 3898 5714 7227 4575 141 3892 5791 7355 8435 4277 7556 4106 3293 4441 8397 3017 9682 607 9524 1939 1881 24 7187 6787
29 7833 7539 9992 1499 2555 7894 7944 9235 8486 9737 5983 2076 2276 1280 2342 3211 4756 8171 6827 7646 5616 6855 5234 8243 2709 3719 6269 7471 7649
29 1717 9194 7638 9019 6864 53 3091 9272 36 5822 392 5100 3453 1418 2845 3568 2226 7836 326 7495 4806 765 9550 1153 2571 3467 574 8062 5284
29 9351 8424 4773 4535 7603 1505 5138 6205 9240 8274 2835 7108 1747 9261 8035 2704 9 1741 9783 2580 7535 9226 5449 7754 427 4973 1967 3634 9478
29 2600 5756 4807 2396 3367 4926 6753 4809 9084 5879 2558 560 1544 5063 3721 4288 775 2975 4086 6140 1992 4427 9722 6408 1115 8986 5275 2956 2388
29 962 1204 9037 3149 7416 2339 7464 4734 6538 8876 6033 6456 8938 2686 3942 1905 6850 9066 2420 438 797 1510 9602 9450 7595 1288 8374 4539 2879
29 9925 4611 2874 460 6718 5224 6341 8968 8834 5496 5514 3490 3415 4423 954 2348 386 2113 5986 3342 7095 9879 4336 3510 2308 3985 764 6755 2480
29 1785 4390 1330 487 6509 5151 7637 4942 7078 1767 6385 8894 4019 6399 1070 7623 6991 324 2319 2515 988 6081 5099 2063 1800 2567 5527 4708 8311
29 3660 6791 1186 8049 8829 4817 5867 6437 1253 1423 1120 1724 1126 3136 4602 8498 2714 4027 3535 6803 4024 6071 3626 8515 9112 1786 1615 511 419
29 6507 5465 9787 5534 2003 8464 2673 6815 8541 4997 2629 5951 564 777 8338 6701 3047 9717 9928 4770 5339 7665 8818 6053 7770 321 4540 119 3232
29 3387 3533 5529 3064 9816 6600 9238 2238 1151 2680 8262 1290 8861 1128 30 6786 1706 505 4752 4554 2159 9061 6489 2360 7600 1015 1928 977 9307
29 7136 4466 3312 8885 2353 1210 4183 9975 7513 9338 4130 636 2325 5417 4943 6629 8860 9570 5463 8156 176 5684 6911 1815 6293 769 8132 3422 3024
29 9822 9435 6796 8927 5349 6292 590 2541 3205 204 9720 4266 8824 863 5075 5546 8942 6905 6195 4491 7398 6723 4651 3111 6465 3940 6564 6496 4585
29 7678 9446 4166 9966 8693 738 6643 43 3745 5068 5045 4892 7596 3416 2237 3377 3113 7975 4853 5362 3809 4675 3022 9576 7166 8363 4461 3048 1363
29 9189 8407 5354 7744 6102 3331 1250 6057 5639 6690 3986 1172 4696 9217 4748 5731 6621 7273 1748 4670 3738 2471 2162 2197 5225 3607 3421 2901 3143
29 295 7576 8781 9755 69 5724 1804 5556 4524 110 3603 1002 4511 32 1761 5104 3552 6953 508 4711 9313 4269 7669 1841 8516 2123 6008 7947 8194
29 5455 7633 8903 5794 4067 2775 7116 6419 3683 5055 4031 3637 6310 3147 8691 3108 5539 9419 5977 4464 8643 5145 9631 9205 2211 2537 3092 5591 4329
29 2584 3628 3860 5153 8586 1016 9485 7317 2707 619 790 4921 3543 7344 8560 9507 7778 7848 5708 2662 2458 1646 8104 2559 5515 8830 3868 6587 6830
29 7653 2090 450 5668 7331 9735 1004 7379 5406 2280 7709 3110 5964 6836 8348 4448 6977 5212 9626 3714 8209 7389 7897 6260 1634 6415 8412 6730 6422
29 187 5837 4797 8083 1123 9937 4323 5167 9499 4641 9110 4344 8538 1621 7587 6338 4509 5340 2133 1366 6526 8113 8985 6339 6838 6883 2959 202 5953
29 9180 5057 8386 3598 5308 5182 2323 675 5159 8974 1228 8437 2900 6272 7431 2872 2419 8702 4819 7783 1072 9603 4296 4884 7602 4561 9580 9838 3808
29 4661 3815 8592 6871 4442 9097 9974 6919 8377 6522 3506 7195 6224 9414 600 4883 6048 5479 9730 9105 6047 1506 8852 4783 8708 8024 951 9841 5644
29 7584 4764 8399 9104 3177 4005 9915 3114 8791 7401 3398 2923 1405 5689 6692 6565 1673 3004 5415 463 9574 3749 7140 9819 7477 6360 936 5033 8307
29 2150 7760 7708 7969 6504 8624 8910 107 5439 5053 7209 4988 5488 4032 1249 1122 3287 9567 5060 7959 7211 8449 7101 5091 6909 6881 7424 7533 973
29 1769 7822 8183 8481 2252 208 949 9619 3625 420 3392 9677 5024 5909 278 9617 2653 6712 7433 4405 7627 2529 114 8554 2926 8522 2968 362 3116
29 1141 9498 336 5195 5965 6819 1631 8076 2318 6037 7135 5661 5766 7346 2014 6439 6963 2299 7732 6004 4233 897 8748 2618 749 9767 8918 3570 5638
29 5919 3288 1753 3027 462 1152 402 308 2919 6531 4844 1723 1214 1919 198 157 8029 9528 1654 3414 3569 6679 1869 5300 8987 3522 4897 953 1851
29 7427 1387 6888 2847 1795 9773 1198 1784 2161 5366 4095 4579 3174 1742 6945 3692 8329 9156 912 4211 8444 668 7197 6289 2976 9962 4412 1533 1199
29 5604 2864 5908 5185 6152 2218 7086 9107 2788 8680 9973 4223 3685 8512 6448 8254 4149 842 9345 8580 8868 293 8622 5665 9099 7729 4866 6240 7456
29 6808 5388 528 3172 2293 7430 7436 9059 3651 8528 203 7068 1796 3095 7809 14 7912 7189 599 6034 9649 1356 9036 2964 1316 7731 2481 3403 1648
29 8450 3179 9227 3681 4436 73 443 6519 7671 9126 4168 6849 9158 7919 1068 6998 5056 4623 2407 2688 5061 6694 1514 9004 9759 7553 3663 8784 1154
29 526 7096 5914 2715 9322 9147 2644 6686 3912 5510 5906 5304 2463 1744 1494 1535 1416 8095 755 6219 364 5762 7987 5158 6532 7192 6189 8631 4347
29 6056 4119 5865 8540 6005 8594 3997 1012 4703 9186 7925 3835 8844 1459 382 8242 9355 5495 5931 4499 4225 1155 5286 3572 8533 4479 8768 2783 5273
29 175 5147 8870 9699 2756 8906 8494 7240 3090 7304 521 4519 8616 6192 1894 4488 2224 604 4399 7685 5572 410 735 692 9517 2385 1001 4184 2504
29 1466 726 7720 8733 2971 1442 9456 4692 5301 6567 2547 594 5847 5579 4215 1054 3499 8310 2402 8704 1624 8229 6602 8275 6704 1981 4682 5269 5698
29 2635 7216 8170 3867 8697 4529 2359 5171 1689 7190 753 300 4882 805 4637 7515 8283 6476 3822 5283 7145 142 3426 44 2054 8880 9723 1027 3444
29 8849 6668 6597 544 7351 9263 2242 6752 1836 576 8728 5694 5352 782 9390 8341 9011 744 3549 562 7274 1232 826 3661 7280 4026 3345 9161 2980
29 9215 7313 2330 665 4757 9139 679 7296 5274 1872 7875 4906 9228 4383 713 6451 1221 8982 2292 7762 847 3980 2285 1281 455 2749 4714 2367 3810
29 4891 3833 8851 5653 4573 7488 7381 8649 2892 7614 5704 8369 6367 430 5732 7072 9683 6759 774 6247 8357 1953 7360 5009 7604 5582 6498 8959 2994
29 4141 5049 6671 4259 1890 6580 1414 1865 3500 9153 4281 546 133 1467 6174 9400 4054 3056 8230 3263 657 1979 783 7119 5380 65 824 9650 7417
29 3039 8315 8078 9635 5520 1095 7201 3164 2061 565 8623 7776 1003 8842 3495 611 1114 6946 8491 4143 7311 8467 6848 4416 105 9353 637 9802 8696
29 45 6683 656 874 1985 8273 6000 7541 9415 4174 6708 8976 1749 7247 1294 3674 6607 9040 9429 3052 3539 7092 2896 4907 7520 4257 8298 5280 8465
29 1808 523 2785 9646 7543 6379 4486 8673 190 1193 9412 2705 3839 8915 337 5727 4693 958 3261 7366 6443 269 1989 2991 732 5667 5717 7063 519
29 7851 8039 1956 40 3050 8966 8754 6547 9380 1194 391 7942 3695 4743 305 8759 9596 6877 355 6043 3230 2787 6467 7154 3909 2400 6377 4594 6906
29 3511 5524 3302 2766 3992 2755 8471 9675 3770 7117 7727 2068 3629 6024 4011 5270 52 241 2592 7550 1208 8922 2340 7453 7807 5196 7654 7348 7021
29 601 5030 3501 2335 1675 8992 93 7840 9324 9420 5647 6707 4425 5015 3920 245 7218 6965 1480 6023 4016 7263 6858 6899 9637 7261 4586 825 85
29 3249 3991 1751 7084 1325 908 3049 927 9308 4724 5547 6449 9007 6552 7831 6726 56 8295 4023 7160 9693 8785 4850 9069 6534 6169 6633 3285 2084
29 4052 1896 7929 9702 3009 5126 1133 9880 4134 8040 2646 2426 7213 2520 1308 475 5643 444 6875 6469 5143 506 9472 2732 9374 9001 7841 5690 9895
29 2098 2636 7335 5476 5082 8421 3917 4452 3711 4341 9482 4334 2685 7242 428 6706 5426 302 6739 3093 7403 9357 3994 8323 7386 1762 7741 3188 3595
29 8057 9460 8286 477 2860 1042 8924 8553 8418 313 6856 8260 7830 4986 6321 1927 4434 2839 5573 3337 1702 5011 1475 3542 3196 4890 2273 503 3767
29 2223 2202 4808 2649 9123 9777 2609 3610 3297 4193 4163 5281 6486 6508 7620 9609 299 4570 875 4056 5141 9972 7905 737 787 3946 730 3876 2634
29 7914 3452 1842 1614 3764 4567 5102 8737 2001 2415 8318 9809 1215 8925 3700 7701 8217 64 6064 5929 8822 4572 1966 9065 1943 12 1801 7907 9558
29 1999 2803 4503 9366 9632 4386 6754 6562 4247 1306 4306 1908 7816 1870 6772 7725 6180 2466 9316 3736 7017 3726 1546 7711 1305 9705 5559 4977 9577
29 8946 8472 5113 5997 9568 7581 4298 6359 1009 1676 2955 7863 5451 6298 3269 1511 2110 9525 9641 9566 7057 2356 6981 4459 4840 5161 2099 6784 7207
29 602 3665 1359 7481 4560 9963 2096 4251 9310 620 3330 7785 4284 877 2077 9389 1858 6104 4187 6372 2455 9834 808 6478 717 7705 2585 5991 5453
29 4935 5008 5984 6117 5448 3703 598 4454 8588 9078 8917 7838 9906 9844 8436 9810 9935 3880 1806 5335 7085 6355 6019 5359 8084 3083 2902 1990 7319
29 4804 3704 4115 4151 4933 2295 8897 6738 4044 5119 9835 6976 5080 4045 8355 9232 4645 4406 9239 4618 7548 5494 8127 5232 6943 5386 655 9643 4964
29 3145 8184 4803 4802 7177 1276 6622 5610 1370 168 5501 6705 2610 1102 4351 5356 7733 8196 1640 7170 6987 4484 5624 7019 1594 7801 2911 5361 694
29 2805 1271 1285 7707 931 6765 4302 7392 2303 7664 1564 2020 3360 1879 1667 183 5001 2200 248 1116 8359 1162 4485 3614 4580 990 4923 1522 7527
29 4768 7643 7402 3534 7120 9772 9121 2797 2562 8532 3825 83 345 6143 4477 5373 5447 3327 8271 9920 8021 401 9265 195 1718 1550 5216 5618 9346
29 6096 1035 7794 3782 1448 4093 7769 8828 7111 6473 2595 4823 2416 628 5073 3599 5484 4070 7684 5047 2742 7137 7074 9715 7152 7966 3474 6513 7414
29 724 1062 7937 9385 928 7279 2531 7489 8723 5856 332 7330 2066 2114 8621 914 3043 733 6695 9611 3924 8923 4039 2248 2706 4552 5042 2719 233
29 5634 6227 701 9202 1644 813 3619 3335 5861 6412 9908 8144 4547 1056 48 6323 2432 6758 1400 7971 4154 1586 2177 8202 3779 5586 3157 9192 7774
29 3448 4060 4870 9352 4286 7176 3573 5784 8569 1189 1557 3020 109 855 3382 2125 3971 905 3594 7640 1274 6917 441 2405 5728 9869 1399 4793 341
29 2734 4671 1566 3268 4629 7249 2637 3904 7927 2331 1020 6862 3127 2984 6749 5191 4955 8041 7129 1075 148 8451 9652 9713 8100 4820 7050 9799 6491
29 8099 3611 2512 5555 4186 7865 4530 1222 7024 5090 9562 7188 584 838 5606 3409 5642 7200 2087 8795 7113 3861 4255 9022 3237 5805 5021 5970 7641
29 8561 9913 5475 5241 8261 7986 5125 9990 5343 1307 7419 3563 8666 5427 3609 3470 6924 2173 595 7821 6525 3032 7444 5173 3311 818 2804 9481 9604
29 6229 9288 8118 3524 9382 4391 7910 5863 1064 4158 5279 8448 1176 6484 1853 1832 2447 8804 9823 6346 6259 3097 5155 5776 9208 6305 8978 4881 6835
29 5552 9887 5798 3811 8936 6410 2352 3281 9044 7036 1532 9051 3078 9008 8189 5409 6306 3885 3550 807 1335 4403 4121 7647 2501 8272 5712 5054 2507
29 6933 3025 3968 6635 4249 4192 8454 8389 9885 4929 9818 8145 2724 2800 4148 8129 5287 1213 8331 8570 5328 1381 542 1628 5593 3958 6264 2630 2894
29 8103 23 1130 540 1429 215 745 8920 7061 4145 4124 4136 7300 3507 1885 8610 4244 247 6900 992 7269 767 8809 8994 79 3226 8061 3531 9154
29 577 1425 4701 563 2965 1055 9397 22 2375 4856 9660 3484 5118 6716 2151 2387 6466 7438 7083 2676 1463 242 3838 9878 8117 3045 5513 1946 6627
29 2717 6543 862 2573 9980 1740 7203 1707 5523 7703 5314 5530 5834 1968 664 3657 2245 490 1087 381 7067 5785 4000 6366 4531 9698 5029 3555 6441
29 6423 4753 144 3333 229 5744 606 6676 2679 257 8214 5404 4601 178 8722 9716 904 6417 3371 3282 4245 1827 1997 6316 3015 5032 5621 7593 4131
29 3183 957 5213 4715 6995 489 1293 6616 2774 3242 7334 3277 116 9072 4546 3271 7159 1906 244 1157 728 7892 1061 6335 2703 5918 6266 8682 8392
29 9340 7984 1060 4239 5251 5 2838 3299 8005 901 2243 2935 8094 3941 4218 5443 9893 3325 5393 5807 5264 4569 7512 5560 3274 4827 1136 8816 5255
29 9111 7704 1860 8026 8615 6681 6452 771 6162 1207 8147 5083 5347 3003 7075 7167 494 5841 7262 6297 4755 2621 7228 8343 5184 6059 696 7997 9556
29 3831 27 5537 4279 1422 6485 6395 7369 7981 2337 7503 4687 8507 8755 7099 2475 9996 646 7285 2598 2932 1513 4848 3450 6041 7371 2781 2291 2451
29 8724 1599 6890 416 1417 6746 5860 5360 3784 1259 54 3794 7429 1166 5817 6111 1495 1338 8199 2361 8676 5088 932 6636 3712 6821 2380 9255 470
29 3155 4447 8346 7864 2253 3707 8234 4377 7580 4638 5311 974 9372 7267 4230 4750 8614 5628 9295 591 4216 7465 2545 8306 9572 3840 5960 2016 969
29 2758 8504 9695 7109 9115 9027 3019 9725 8182 2799 7131 4002 6728 3944 7853 8373 4538 1581 5655 2733 3739 8716 3627 3943 9143 5844 8583 1428 2681
29 9696 596 3679 1745 3844 4252 2212 3479 4264 9883 7680 5309 5600 4598 3894 1866 7196 2029 5672 495 8900 7469 6066 6248 8244 47 1473 578 2786
29 9168 3361 4581 7458 3411 5066 365 3821 4483 468 739 7525 403 2560 6502 3073 297 8119 1156 2112 1605 7501 8706 8763 192 5526 7837 2942 9403
29 4960 5326 1036 6655 8530 6464 1750 3272 1219 9203 3797 6693 8446 8038 1052 2631 2219 6968 7624 9512 9432 3900 5824 2214 7413 3197 5507 6737 5921
29 3236 4398 5377 7890 1737 3292 4126 8914 883 7597 9267 4782 7328 6026 8807 7682 2043 2798 7573 829 776 6101 4790 160 8081 9463 8268 7722 647
29 804 6610 1037 4650 8193 1659 5901 8937 7592 1668 3262 6210 3893 8390 1171 1383 7888 5123 9162 3969 3087 9657 8632 2115 9320 4532 3906 9782 592
29 8858 612 1191 8432 5612 2024 33 4315 8249 5222 1986 2100 8296 8878 9250 5842 2740 2445 1471 1334 2438 3673 1277 4681 7991 8060 3366 6546 2936
29 13 9868 7918 2933 498 6168 740 8235 9339 1519 8840 2924 9218 4417 643 131 2757 8107 5853 154 1362 1432 9331 7411 9342 8750 4135 6279 4058
29 1579 6557 7015 4480 2144 4096 3783 6747 5277 5490 5397 223 6010 2761 8124 7924 3193 8288 9005 6529 5004 7255 1995 2422 7518 1454 7399 9555 7368
29 6975 493 4170 6664 3744 6966 939 8036 431 8042 9363 3315 2262 1188 2982 1272 3013 8534 348 3967 3788 1019 4267 2626 6506 4872 4685 2611 2423
29 8551 7662 7358 9951 4655 4553 5303 9302 6866 9842 8067 8206 8284 5833 984 4113 5737 8034 9551 8684 8280 4209 8690 3578 4020 5294 282 5789 7555
29 4801 8383 1348 7014 8237 1131 2301 956 9270 4413 7536 3975 924 5330 4578 4232 613 7040 8496 4668 3526 146 1183 7666 7738 3664 4345 4418 63
29 2163 7574 256 9956 3283 721 422 3243 9531 9056 718 4212 6025 3132 4992 5820 1517 2411 4202 1234 4308 458 5995 2393 1361 1323 7861 9847 2895
29 7849 6845 3471 6983 7742 5313 8093 8933 6550 2097 373 1695 1091 6811 866 2970 830 1231 1970 2127 7504 5792 9840 8192 1227 4735 6823 8360 3082
29 3922 7511 551 9273 1257 5654 173 1998 91 2028 4792 3494 9287 4515 5122 5718 7155 6120 3690 3485 5034 151 9318 8606 3369 2119 4268 7886 1627
29 691 8205 7613 3264 1124 5705 2992 2129 5742 5403 6318 9249 1962 143 6182 6418 7626 8367 8839 1984 6089 2347 8287 9335 6222 7107 8228 4419 4275
29 8544 5149 2604 4400 7957 6177 8442 5105 3887 1477 1309 2188 6582 237 3896 492 418 9653 1743 3964 1180 8853 7619 4360 6181 5678 8619 7718 3818
29 8090 4974 5557 9791 2526 5318 2762 3037 8488 5975 9231 2495 3290 8115 7058 639 9021 6403 7098 3255 8212 6608 6825 8788 7717 1022 6157 4235 5107
29 2440 3592 9685 4034 60 343 7054 7361 2403 1852 8153 2720 832 8334 4713 9325 3574 3473 3007 1284 9319 3307 4613 7659 5747 2143 7322 2791 4659
29 2672 6461 8400 9850 4587 6211 7375 383 5355 1683 3379 4431 5249 1170 9196 5720 5982 8336 3945 1901 672 8888 9399 8203 8965 4518 2985 3642 7364
29 3256 8983 8513 8745 6255 1236 4015 2794 3388 4040 1694 9116 6951 7114 9430 3677 7353 180 6789 2665 9516 8102 6501 8685 9285 7789 5729 537 9914
29 9106 2332 3505 9175 2430 6710 6634 3984 6276 1302 1158 9012 6878 8509 1914 5076 9624 5150 1240 488 3725 6733 2669 4326 2751 4590 6390 4871 3580
29 1587 9155 3873 479 3380 6816 250 513 1735 5146 2760 7983 1490 8185 4471 844 4146 5394 7479 28 6934 5735 7714 347 7618 9687 9383 7908 6148
29 3902 4754 2297 3295 171 4152 5307 1777 8423 4542 4047 3435 7989 7298 6846 6644 9169 9509 4372 9237 4899 4439 6290 6583 7713 181 371 6843 5002
29 9141 3709 6980 9636 5460 7715 5435 2322 3156 4229 3431 527 6989 3028 7265 1536 9426 7231 9901 3252 1343 4208 6659 1731 8658 5795 5562 8887 9860
29 7735 3128 9522 2693 3323 9190 7441 1411 6361 4938 7046 6997 9278 4343 1701 9712 7615 5733 8161 4595 4606 5961 1018 3459 2778 4297 1345 8096 6207
29 4322 3929 6640 9042 4200 8293 1412 3604 5293 1693 3606 4079 2891 3446 2033 7758 9421 7779 5630 3365 3789 1699 1108 3727 6654 3218 9645 2296 1445
29 7080 3216 6603 6973 605 5585 2279 177 7605 6263 2030 715 4667 8859 8883 7044 1537 5246 5799 5165 1663 1902 9486 315 4381 287 3008 7460 6405
29 9742 3425 8740 2145 3733 2346 6859 690 6971 1516 7661 7370 4316 5854 9326 981 4240 8133 8313 329 9195 6241 9881 8112 5936 516 5849 7652 9697
29 7828 7639 5115 2263 2147 1093 2057 2232 1028 5506 7811 384 7282 9466 6895 9119 6220 2521 6087 6571 2816 748 3438 6324 978 4961 7178 1268 6479
29 8644 8366 9797 9806 5456 1961 9391 9172 9220 3176 2986 1074 7712 7130 2893 2206 4340 9595 535 201 6158 9086 8160 1682 2885 5543 5231 6625 6575
29 2156 8364 9075 2767 4123 3118 7149 5739 8679 111 5425 7345 4081 6908 234 8550 2508 2690 9807 6401 6194 1041 9225 3948 6761 8891 1369 8314 2107
29 8097 8121 9440 1067 8130 8681 630 456 5757 8131 5059 3055 6941 7860 5752 3034 8757 4704 8056 6896 6095 4536 6273 8043 8955 1672 2807 7153 7010
29 3363 4543 1038 1554 3954 9678 1165 3151 7755 6256 7672 7059 9983 5428 6540 7184 9513 8396 7103 6193 4073 8626 2336 2784 3655 8916 6149 8385 2436
29 2381 3878 4794 2906 4834 2912 2908 2135 2176 1218 2122 2948 865 2235 989 5808 9587 4836 5602 5858 3395 1912 4624 7121 3710 5215 4339 9969 5178
29 8598 9166 4068 7516 9384 2167 8050 530 9461 6436 1360 4401 8821 9902 2019 2326 507 3162 5816 4860 1843 2588 3996 8736 8077 9064 1714 1508 2925
29 5959 4066 3324 5462 5855 8954 8609 5457 7038 6185 7122 3121 5000 9334 5962 5346 4207 9534 1379 1619 9684 4729 5408 1974 6431 3800 6947 3107 2907
29 8709 534 2711 8282 9095 1560 5446 7988 437 4460 7387 8892 8352 9233 214 4157 1341 1265 7710 6468 7420 4920 7933 1527 5882 7517 6650 2623 4331
29 4467 4303 3235 2205 5968 4514 7185 2801 3777 7598 1248 8815 6129 2404 4373 2278 4555 7635 8198 6394 9048 5902 5719 3688 677 368 4526 1637 1289
29 9581 6197 4458 7173 9219 9416 7650 7960 2233 5189 7847 1069 9035 1145 6414 947 955 9297 8537 2277 4744 7562 4449 3588 1874 3138 2215 3901 3227
29 2368 8961 2152 5566 3139 2358 4175 4385 6236 5023 8159 2913 3303 8378 213 8051 3571 6058 3718 9944 757 2421 4705 4319 4995 6303 1503 3517 4087
29 8220 9417 3210 8053 3557 6922 4273 2738 5700 2552 4657 5290 709 5761 8223 4080 8226 9017 5778 4604 3223 8557 5120 9523 1287 2915 8409 6596 7234
29 1965 5771 5472 7161 8766 4309 8281 7561 8904 3774 4652 6648 292 8255 2967 512 7808 8116 5389 7563 5871 543 1633 3713 9613 4337 1875 7775 6091
29 9151 6214 1862 1421 4507 6731 9241 1420 5315 1620 9979 3314 3251 6665 6624 8713 4470 3184 9144 2861 8342 8905 1374 1978 856 8353 5481 2406 7264
29 8595 8125 7694 8134 8890 5022 5353 3520 2960 5508 7037 8573 8345 6544 123 1057 7676 6438 2022 7786 8380 8881 37 1947 3493 2031 3101 8629 7796
29 8854 8246 5777 9612 5051 899 8239 851 9854 8004 2522 4520 9187 7077 8426 8168 5026 8495 8800 9511 7041 2831 29 3930 8165 6751 7294 4364 3399
28 3240 5324 4662 9506 4408 5693 5542 8178 150 1083 3058 911 6829 9434 8780 1135 6326 398 9214 7241 2362 4932 6769 8510 1834 8585 4516 2494
28 377 2086 276 128 5416 7842 4788 5253 4055 7291 3670 7531 7150 1771 8926 1047 5884 5236 6682 6853 6831 6926 2376 2927 5430 9916 3062 624
28 929 3119 6970 4717 5868 3373 7467 499 4566 74 2011 6138 1934 8149 9222 369 9103 6939 4991 4451 1591 5089 9291 8058 5660 5374 518 5065
28 1959 2417 1704 5233 4718 2429 4395 6218 1127 995 6711 9247 3982 3393 95 9794 2727 2312 3231 1582 4816 8427 1318 9176 6867 6404 7270 8771
28 1711 5136 8625 9606 8565 8957 8410 8517 117 184 3105 5137 8222 9279 4276 1726 1046 4814 7350 9083 3357 2102 823 1254 3649 2189 6969 6088
28 1408 3937 910 1139 2459 9754 9565 3318 8581 9976 9089 3191 9919 5497 1146 3567 8319 4812 5431 5321 3217 5190 3699 6782 3041 3457 5877 6576
28 9814 4057 5112 3682 2701 4495 8873 2409 4348 7472 6872 5395 4749 3246 9453 7702 1789 388 8429 9401 1159 1331 6254 5538 6929 556 2386 3279
28 6950 2795 4616 7867 6699 8320 7299 1299 4457 6069 2052 872 8106 9824 1664 9736 3512 3852 5288 1476 7168 5722 3841 8535 1266 4407 641 6952
28 9888 7793 5675 8003 9079 2841 1160 6944 8783 5904 2808 5768 5441 2817 5332 4862 3820 1710 1757 5745 9519 8326 2597 1626 5110 4683 7934 9109
28 5046 5482 6720 330 5945 6231 5796 9467 9949 51 4028 1935 6238 7321 8007 1918 7889 9266 8138 4285 4772 8382 1112 8777 9023 9542 6142 4605
28 1641 9826 8657 7475 1264 3804 6369 6826 1610 4062 881 6581 3705 9367 585 1173 8758 6611 4159 2700 2461 5765 8010 3224 2712 9293 8589 3857
28 9049 8678 3383 4937 4248 3722 35 9457 7660 2055 1121 2412 8826 2370 7012 6930 8847 2660 4987 6641 3600 3483 374 8637 9912 4811 9188 2952
28 6330 8492 2069 2640 2085 2599 1593 5925 8493 3144 6574 6814 2998 3508 6721 4167 6204 2625 8692 945 6383 6420 699 7287 6076 6762 8110 75
28 7609 5535 90 7384 4165 2126 5218 134 4325 1837 59 3515 8020 3730 8475 1567 1781 1246 4653 8563 6067 9536 4663 8247 31 120 8683 8879
28 8453 7031 3198 2482 4084 2401 8006 435 4446 9376 3407 4684 5852 9207 4410 9024 1828 4815 801 631 9639 7302 6 7505 5650 8810 3633 4789
28 2993 9213 6265 8613 1597 3347 5079 8741 7045 7473 648 7340 6735 2833 4139 5067 7310 1488 9396 5605 5892 6548 4999 3859 453 6776 1350 8805
28 4469 4568 3260 9592 2479 5912 1674 6027 4885 9690 3320 334 6763 5219 5646 6539 8837 407 6938 3378 8703 8065 9813 3070 1975 2448 8068 9544
28 8502 2652 3972 61 3757 3755 2770 3122 4185 6715 4064 7939 5701 4603 7962 9312 633 4438 3466 8720 9341 8405 88 9766 6667 5256 439 8009
28 746 4765 6003 1809 3845 2018 2536 6793 2064 3678 38 6085 510 557 99 9448 8425 7578 4924 5087 5641 876 8252 8075 7090 5685 4762 5681
28 6570 6154 8566 5345 1913 2138 5052 6744 5235 2286 7802 1799 8611 1029 9681 7378 1413 1623 6054 759 3270 5888 7440 814 4877 6524 6942 6179
28 6613 328 7922 8143 7528 5368 8285 9554 2106 9762 5382 9497 6187 4813 1261 318 8843 1732 6336 3189 885 2366 7902 1877 7164 5489 1653 6537
28 835 9820 3659 5156 1051 2710 3326 6286 8469 3018 465 359 2826 9763 9283 5299 1950 9998 5399 1355 3658 7945 1685 3208 9934 6094 7850 7540
28 94 8177 9747 4219 8072 3949 4621 484 6912 8668 8862 8215 5874 1262 729 982 8578 1736 9480 260 7204 9013 7128 3478 2088 4954 6480 9770
28 4852 1109 6928 7579 8327 9258 3103 1888 230 2078 9327 4833 1321 2675 9668 9264 887 1611 3031 5979 9749 2199 821 7354 9679 2737 3829 8640
28 3423 1746 6785 2141 8162 3881 3669 5670 2039 9254 3546 9057 7873 1952 5786 2315 6628 9647 9779 7143 1332 8388 9849 6080 8485 3406 1484 8694
28 4065 6729 3339 6374 6322 3560 7679 8256 800 7670 4898 8659 1303 8137 4090 2462 4043 6249 9846 1987 9245 1031 5316 8940 8953 7726 7805 9932
28 5588 8523 1590 1267 9304 4983 7768 6854 1242 2735 4720 3131 8008 2666 1819 449 4492 3890 4359 7446 483 50 7523 8520 1930 1209 4699 7134
28 7229 5595 1021 5333 629 1430 4069 3420 3654 8258 3229 5192 8089 1406 3389 8200 999 9776 9644 6514 1949 6391 6887 4155 9170 2776 7655 4171
28 934 9117 2858 8074 2166 132 3541 5312 1730 2525 8466 8877 7663 249 1838 2708 1 8087 3773 4261 4849 3624 2294 7687 8660 6637 2850 6159
28 1187 6392 3914 3 4476 2258 2868 8911 2313 6277 3286 1709 1085 8066 9616 3463 4614 6760 3077 1008 6589 1703 1297 8779 41 4674 9615 5723
28 8607 1364 4318 5263 4607 6516 2873 8848 6523 358 9173 2825 6018 5048 6719 4414 3639 6792 6777 650 7954 1328 2109 6040 6203 378 9296 8180
28 5325 1040 3519 1926 4739 2966 9943 7142 4889 6268 5550 228 909 4098 9081 6530 4847 2684 4513 3475 366 423 1017 9805 509 121 6442 6810
28 7901 4766 2836 3582 309 9454 9571 3803 9436 1419 4374 4582 8335 4180 7126 2283 8140 5186 6768 1026 2002 3257 8014 634 4346 5845 1738 6511
28 4107 5703 5942 1175 9076 2840 9533 4758 1555 5509 1444 7958 7288 7792 3753 1887 7217 3088 4786 3792 3294 3140 8648 25 575 4913 6038 3826
28 5062 7324 9743 2140 5713 2677 4394 81 6267 7409 7268 4689 6352 2220 5540 2695 9598 7514 5980 7819 6536 9269 2638 3214 731 2041 9444 6271
28 9872 5069 8431 273 2524 5188 3203 7278 5821 9500 6287 6813 9458 2171 2540 2034 8148 7437 2886 3787 4968 3165 1479 4105 860 1464 7854 6065
28 7132 9257 271 6351 1049 8746 4627 1821 243 1011 7815 9029 529 6915 9002 7146 8333 3329 1376 8301 7686 3977 8811 9582 9953 1891 5007 1665
28 2830 1660 1407 896 3391 706 9599 3489 9006 4204 7767 6252 3778 4199 8490 7692 2949 5899 17 8064 9206 5140 3219 7616 6499 4592 1678 3748
28 671 4433 9459 4966 3702 2058 572 3667 1243 4691 1329 5828 2887 6809 1409 4258 8480 2882 5139 1775 8430 5381 8929 3998 8484 8776 4963 4978
28 9054 7343 1909 6445 304 4001 8970 2310 6652 6215 9917 7990 3356 7491 2185 5790 5989 2564 6958 6604 4203 9623 9028 3527 396 9971 9882 7194
28 4189 687 8080 7020 6481 2137 6389 3871 3212 3362 9127 9216 3502 3321 5220 6841 9409 1033 5205 6165 2628 9578 2443 3098 3168 4287 5950 126
28 3153 182 1148 3005 3238 281 9165 2027 1081 1643 4774 1825 259 3063 1094 4033 2006 9706 2192 6605 1617 2374 3521 6818 6533 4695 9423 9700
28 3190 6200 4091 6748 7060 220 4975 3780 6740 3086 3194 1045 1929 6601 623 1713 5252 2379 4911 2180 1945 770 8136 9074 2478 5736 8240 2155
28 3720 4951 3169 8063 8277 7151 167 9583 8874 6409 6606 3134 6176 7025 1137 7795 4648 4669 7510 8817 3750 317 7734 4228 5985 1237 3645 2528
28 558 6190 8297 8977 1608 9242 8204 980 4396 7765 943 4825 710 7233 6362 6170 6904 8259 342 1216 1850 959 197 3154 1449 2075 4063 7756
28 9284 4994 2940 3763 9836 3410 185 5302 3254 8988 822 5327 6646 9160 3152 7622 6940 6343 424 7964 4982 723 5571 9661 8893 2329 6626 3436
28 4830 839 5262 7329 8108 6554 5896 8441 8460 886 1889 1436 3879 5438 9381 9098 5622 6512 1977 5893 725 1497 5686 4646 5466 2829 7608 900
28 3233 8152 3987 1275 7147 6658 9350 7790 6630 7062 9812 6454 1948 2842 7001 1840 3805 7093 1190 2726 1296 4173 5437 6713 9950 788 3529 8351
28 7320 5889 9933 850 7026 221 6309 6244 7393 9970 7522 2699 1044 522 9666 4421 6119 5773 4879 707 853 2905 9181 3239 6988 7631 7478 8114
28 3384 4989 7219 9751 9940 5696 7915 4205 4432 1549 2009 6927 4583 1452 3806 5648 762 4609 6035 3000 8054 5085 9503 1279 6311 2904 4965 3952
28 4949 9445 108 4996 8120 7158 434 5587 1317 3813 7761 3834 4375 3801 7035 3747 4118 8420 3244 5111 9210 5709 9638 6201 1404 4895 2556 3021
28 9443 7674 89 3306 1558 1600 8726 8154 4900 8499 2509 161 5869 6684 9547 7102 5741 7079 6199 6645 7582 579 1878 1119 2953 5569 4956 6639
28 5832 2607 5903 502 5461 8833 5177 3741 9149 1622 8832 7950 7549 9552 920 6521 6050 4010 7141 5271 7749 1110 948 2718 9347 4384 9431 6061
28 5673 4122 9584 3932 7667 338 5783 2917 8700 5238 569 6800 4430 6892 5758 7630 7271 9922 3615 433 8473 3469 4012 8241 843 3148 2530 2659
28 9714 773 3765 7985 1462 1465 5875 9394 6675 4958 7284 5603 1292 2617 92 6757 9852 361 5267 6870 1534 3053 5872 2065 262 1705 5836 7162
28 7781 3877 4099 9559 1969 8368 6099 9864 5838 597 7771 67 3317 861 4072 8401 803 5331 1291 8181 786 3538 4993 2203 415 5548 8216 8387
28 4260 5941 2198 4214 6563 9520 662 80 8462 400 1233 7706 2790 6213 8597 2658 6078 6487 1613 3012 1922 9198 3586 6745 205 616 4635 7215
28 7995 1846 4769 3579 3266 5883 4358 252 8123 1431 8253 4835 6993 1963 4213 6384 303 705 9614 5563 827 8664 2282 4571 9778 7764 1559 1793
28 3187 6931 8590 6474 7144 1604 792 164 1310 3304 8245 9750 7032 6378 5804 8975 1632 2229 6555 2035 2476 7461 2025 5305 6327 166 2267 8945
28 3832 1468 8503 5031 2037 9719 3040 7356 4953 5802 3402 4822 6406 2424 9729 9588 700 2026 9897 2898 5933 8126 2072 3938 7730 6490 3074 8932
28 3104 1752 9589 3396 7485 5478 397 8793 6312 4190 4443 2878 6137 2780 5379 5072 9877 9796 524 1101 9744 4013 8408 8772 6901 8290 3758 9418
28 6198 227 5898 9073 3951 9537 9489 2298 8238 2763 4577 2857 8332 6457 6450 4074 8139 7003 1884 2208 2764 1086 6801 5575 7156 3760 1638 4747
28 9371 5336 1976 4415 3671 8711 4472 3513 6160 9093 8677 4612 4985 7953 7739 8764 4191 8529 6110 4301 8173 4780 8556 4075 5809 937 966 6632
28 9488 7245 7496 4195 6520 9484 9955 4858 6084 9771 8617 5890 140 6741 2060 8901 1571 4706 97 4863 3296 6281 7486 9032 8979 7968 6732 1921
28 4760 6425 350 9130 6421 4730 8831 106 8289 1104 2474 8047 5664 7948 9424 9387 9405 5038 2453 4220 3178 5217 9924 1957 2345 1629 5432 8443
28 9692 7448 6463 906 7721 3225 9184 685 2538 8944 7407 5297 1489 1662 680 9734 3125 6146 7357 6314 1202 8735 2383 5819 6972 8895 5050 8470
28 3042 7494 6250 2752 4250 703 319 3100 4559 5659 991 7432 1460 1482 3250 3662 1224 2309 1230 3843 8340 4362 7868 9557 1518 8501 6573 5418
28 9246 7395 2777 6790 1681 6703 6036 5748 3648 9634 9793 3488 2004 2944 4177 3067 2341 5827 3732 1733 3965 2363 3498 6828 8582 6783 5779 1596
28 9053 7235 3921 2418 6766 8663 1932 8506 6795 3544 2513 1933 4591 8384 8279 2485 5662 354 7943 7064 622 3691 4176 6717 1396 7542 5375 7534
28 7337 5014 2583 9378 6278 3186 209 1895 8812 4888 2647 4376 9043 5135 4424 6594 9140 3869 179 8 2172 712 7306 77 5937 1184 1235 2661
28 8372 159 3630 2614 6016 8176 7028 8349 6015 3280 6672 3846 6082 7056 7007 1876 5154 4868 1656 6122 520 2449 1447 9101 4619 2544 5930 3913
28 1788 7148 5041 7519 593 6566 7065 8292 9733 1092 9593 9628 7104 3585 1636 5187 414 8667 2047 72 7425 1570 3081 2819 940 4947 8743 4901
28 2823 9248 6669 811 1241 515 2195 9491 4370 194 2947 9654 4295 3686 3616 270 3109 7961 226 5656 3309 186 4733 2454 8197 7938 9991 2561
28 5801 4182 3181 4910 1025 837 2574 5596 5878 8055 2062 6697 1589 376 9876 7763 4085 9676 1652 913 4206 7252 1538 7601 9244 7900 8898 2349
28 4494 3460 2351 4455 659 7016 4950 1839 3429 5035 413 3124 9964 2589 8882 9050 3418 3754 1565 5194 4781 8998 459 6797 4196 1255 6932 8670
28 7545 1712 5938 6363 2168 4030 6551 1368 1996 7390 4544 4952 9651 4633 673 169 7898 2972 3394 6834 7434 1481 296 1812 3547 6833 1739 6216
28 8085 6595 8934 3575 3620 5726 320 926 5976 9281 1256 686 7560 2080 6282 8190 7881 2321 3253 1438 1324 6541 2210 1347 661 5609 3038 1911
28 5645 1577 5881 3623 3278 5229 8718 1882 2843 9910 8122 5282 310 9311 2300 379 4493 4787 5627 9801 6964 3768 6799 2264 9398 4600 9071 9204
28 7382 552 5511 3462 4156 6105 8572 902 6979 8689 4990 8350 2373 9256 57 7909 9999 7832 8947 5094 9333 7736 1372 2095 3842 390 4712 1212
28 2234 554 2305 1066 795 5166 2391 4589 6750 323 7091 4092 3981 1314 210 2130 716 5422 8869 1528 5754 963 2328 1728 4841 1655 9388 8395
28 6261 6001 3060 5207 6032 2201 1787 4545 2722 8224 4533 4101 8248 1698 2551 2888 3884 4453 8321 2484 3338 5319 7052 5649 2094 9422 1315 6173
28 4114 6992 5467 9150 5910 6779 6817 720 8263 6357 8013 2852 9300 751 1892 9047 3343 7823 9294 1569 2317 7073 1686 2627 6916 7214 9873 9343
28 2921 4634 3643 3503 1197 4976 8958 6874 1639 4857 7374 3548 6954 7557 5972 8175 4164 2164 8705 3142 6370 9789 2483 8567 9774 9968 8479 9827
28 6021 9336 3698 82 294 2569 3486 1657 9495 9317 868 394 9490 3390 917 1530 6492 5357 7127 9541 1084 8635 8433 6251 6921 8574 6656 6121
28 9475 4759 2365 6961 5005 7719 8620 9439 4880 8213 7766 5292 7509 5132 7171 9299 9564 5688 1578 6349 9468 6886 8179 2721 587 9045 2969 3769
28 42 9688 8797 1779 2914 7408 6212 9183 1354 4831 1708 2092 9068 1451 683 3461 6649 2910 7283 6373 4022 5589 1337 3752 4584 451 9015 845
28 2209 5197 34 6284 6125 9268 408 6446 5502 174 4869 3635 4402 5306 693 2527 3129 6775 3973 9298 8600 6131 5452 1958 1486 7926 3381 8753
28 8299 3171 8415 854 8052 9899 4948 996 5935 6572 7824 4456 3974 5947 3180 8972 7292 1225 3737 9271 9275 4253 113 4908 6308 638 5473 7690
28 1472 4922 8952 6237 4474 2154 7880 4350 8463 3340 5412 9689 8278 406 8732 3370 1117 4656 2490 155 1384 316 8962 344 1601 5859 6663 9786
28 1824 7946 2012 9131 9549 2608 4355 9393 8150 200 6183 778 907 231 6166 7681 4365 100 8303 8208 7565 5558 1951 5764 2834 7923 3159 9724
28 7186 846 3044 4050 4777 9286 4722 2136 2613 1096 3565 6206 6460 7859 7018 4522 2227 5295 7325 7825 2641 7567 149 1716 9904 7521 7568 1397
28 2550 9727 2876 6756 375 236 2950 5887 6329 1118 3743 9855 8482 4930 6175 8031 4934 7069 5923 3445 5753 6957 9034 7746 2667 7100 1367 4916
28 286 2793 7552 2000 5940 9640 2334 6978 5637 1525 8505 9780 55 9694 264 222 4740 4742 1426 5414 3206 4620 18 5725 196 9164 4832 8151
28 3581 1437 5492 1863 7253 1300 1521 9133 2281 4241 6590 4153 8191 6873 5477 4776 2792 2941 1563 8091 1814 11 3084 1859 8174 2371 6235 4037
28 1030 8440 6294 8717 8584 3731 7621 4083 5074 7462 6918 5568 8939 6375 3963 7737 3400 255 8996 5458 284 3862 2865 4664 426 172 2493 9982
28 9543 7782 9561 7183 663 873 653 8687 7693 6666 2255 7400 9501 8761 2015 2837 4321 370 5631 2605 6031 1078 2729 5521 6153 7174 9607 9958
28 3636 5608 2954 2186 4053 4304 8417 3644 9798 1326 8889 6773 2121 3061 8650 2632 5493 5242 864 6734 7530 5981 3447 942 8146 2487 2067 7747
28 6897 7047 5967 16 7728 8820 9648 7675 8398 6225 8562 642 8413 6063 3054 5943 3576 3204 454 4939 9449 4537 8030 4984 581 5317 3918 9410
28 2713 8995 5127 9033 3919 3332 1340 2158 4736 6609 4292 4564 1483 7586 6380 263 3376 6689 246 7814 9125 9433 7956 1811 3328 8070 4643 5988
28 3492 138 5669 3150 4697 8651 9477 1944 8603 5121 5480 2946 986 533 6591 4700 3641 2246 7507 2958 7250 3029 5017 218 3289 1010 1690 283
28 625 4246 1415 1818 7232 9856 2394 1167 2689 8593 7753 2859 2382 4420 6433 1088 4534 481 5825 9386 9102 9493 5599 6569 4380 8187 8514 4014
28 2452 994 747 1691 1059 7845 5163 1725 3130 1433 933 2124 2017 3441 9290 4129 6334 8707 3428 8973 7452 9108 6517 7457 2311 2105 5774 4678
28 2139 436 7380 6245 6844 8375 9708 4387 9442 5036 84 6999 9664 7112 2287 3927 3432 8276 6083 7599 5250 346 6774 8695 6028 4354 4437 2149
28 482 3075 8356 291 3836 2622 5424 5570 3069 9368 9728 8536 5848 1829 8362 8370 3319 2271 6685 8059 7594 7339 695 5711 497 7123 2467 2810
28 3590 8654 2042 817 3762 5117 979 4004 9451 5070 7275 5830 6114 5993 5519 5978 5485 5594 5444 7570 7818 1500 4038 9025 2990 240 5470 4188
28 4397 9031 9492 3099 5990 3746 4393 5916 0 8358 5793 5770 8639 2204 6100 6861 1584 6396 8525 5623 9775 2503 2884 3014 6068 448 3472 1651
28 9662 1556 4660 3701 7723 971 3858 1238 5278 7243 7377 7404 7941 1774 5581 938 7365 5003 4541 7940 2871 8188 3135 7281 5276 2516 9505 6588
28 688 395 7689 3051 2746 9200 3854 425 2083 6364 7423 2590 1642 9959 6345 1783 8461 7632 6020 5078 118 6560 754 1333 235 3349 8819 9358
28 9890 78 7698 7367 5574 5857 3556 2470 6097 452 793 1389 3010 5006 3684 7546 6353 1931 6232 6937 8163 8101 6317 9633 6141 3962 8317 531
28 8172 4349 3856 8073 1588 1373 7022 5176 6472 615 5329 3798 7459 7118 6156 58 4496 2131 6839 7372 1696 898 9539 7463 8376 5491 4767 1868
28 9282 8227 1410 9515 4636 393 4048 311 8309 871 1849 3456 3819 895 998 3137 1346 8671 7879 4686 6455 1669 7967 8846 8164 2616 212 5666
28 3516 476 3316 2633 5598 8046 1515 6553 5407 5911 4272 9655 2977 2615 1439 3814 7499 7248 9088 6700 890 129 3577 7332 7089 3956 3106 5987
28 1817 6093 6857 9224 7952 4144 6500 8000 9853 1688 893 7257 8337 1498 5214 5531 6724 6288 1645 6107 5651 7454 7289 3706 2268 573 3530 124
28 9858 7175 5917 4 3126 5706 8646 1149 5012 8483 1988 1915 8775 3175 8762 2108 2333 6039 742 3433 4133 708 7998 7972 5864 8731 5227 6804
28 7642 1831 1365 1014 7383 7974 9315 8526 6344 6296 3313 5289 8963 7005 7033 2821 8414 3740 8571 9711 5992 9680 1900 9886 5926 7435 852 5320
28 5876 2890 4006 1520 6623 4795 2266 4117 6847 7869 1395 1920 8813 6426 1661 8960 461 6387 9726 9875 4324 2934 5657 8032 891 6029 6955 3375
28 8896 1805 9039 170 4917 2239 385 2179 3215 5862 4243 8857 2502 9845 6453 2231 7834 1903 3916 5866 6691 9608 640 2093 8935 7474 2157 496
28 2772 8579 766 627 4784 555 3558 2961 1082 5434 9526 1493 189 6044 1142 7750 9553 1763 9230 9911 8531 5341 6108 8803 806 9894 9995 9741
28 2996 9441 3385 3455 571 8756 4487 8322 8642 473 6191 8907 609 8886 580 4125 1973 4719 6558 8086 3200 2079 2987 5337 6920 561 7817 9510
28 9038 1764 2442 6283 9884 4181 1994 9989 7745 7305 5064 8661 7308 2010 1382 6075 2181 2272 8656 7193 1910 7827 9221 8219 5471 7008 3059 1298
28 9740 915 1835 457 3259 2468 8328 2983 5142 5597 353 1650 7740 5093 2549 5037 7673 1450 3621 9137 8825 1857 3112 1765 6052 4422 6865 6051
28 7256 9361 1100 9732 6402 163 147 6727 472 3785 6674 6178 799 7493 3437 1063 8519 471 8304 4846 5743 2575 7055 3717 253 1727 6447 4625
28 3491 8447 2769 5545 2048 5351 7359 3439 6331 3647 9993 3310 8605 3646 2576 6837 1780 4596 1649 8863 7182 6852 7551 4367 5813 127 4111 3386
28 2922 8207 1205 9621 2013 9629 3830 5168 925 3234 1163 7009 4919 4779 5378 8999 3960 66 7373 7314 9402 7799 2437 9082 3207 2620 3668 7272
28 9014 1113 5134 6382 5210 9961 4356 9406 409 1349 7082 2120 3199 1856 3672 4328 5614 4763 4928 6243 1687 3358 9508 5261 2938 7788 6542 7899
28 660 2496 5387 3201 9251 6299 2920 3275 5769 2909 7076 7846 6429 5767 1873 2111 2806 4654 279 7293 9009 5243 7303 4150 3652 2498 8715 5392
28 3766 7222 7566 1398 2236 4716 6994 7916 6535 4941 1899 997 7884 4128 6545 6807 9262 285 8379 1844 2377 9301 9903 5996 9765 2999 4353 2254
28 2698 5532 8919 7042 8872 8257 1138 7349 1098 3300 6651 2040 2389 4368 1504 6302 3525 5957 2344 1803 9146 351 4510 809 467 9579 6598 1635
28 4967 2855 3640 8950 3851 2918 5223 4089 8518 8652 2183 1032 8814 1401 8752 4970 8587 923 8662 6923 9479 6592 4108 2962 2844 3355 7165 2249
28 6319 5564 5846 9236 678 9825 7110 8365 1269 9375 9760 6882 9010 2413 9757 758 7181 2723 1058 7198 2222 3947 5342 464 4746 1211 1954 4300
28 7855 9470 2244 1855 6459 5580 9892 9329 4003 8458 4178 2802 9179 5839 3026 7236 1195 4475 7051 6381 5025 8169 2824 5812 6358 7852 6012 4821
28 1386 7439 6030 7323 9428 5116 7896 4521 9274 3882 4732 387 7554 412 2225 6376 6365 8028 7506 9938 2773 5363 2553 8672 5734 5257 5044 7326
28 9764 7871 26 3899 4227 9665 7751 1203 3532 2989 2846 567 1147 4371 2256 3799 8082 307 2118 6333 5468 3995 4505 9978 4798 480 491 6164
28 654 9988 7695 1758 6657 780 8564 8645 9314 3336 2320 1960 9739 1358 3096 1453 538 1845 2023 6118 1077 4342 8789 5459 651 7970 9330 8964
28 2146 7030 6488 8751 5423 5323 5201 5772 4694 8025 545 2408 9303 5782 5095 1469 8155 5272 1940 4709 1388 3413 2302 8302 1470 9573 6074 711
28 2378 1768 9930 8438 2768 3001 975 3934 550 1792 6515 1320 225 7588 965 669 8221 9487 2488 139 1107 2619 4593 6832 7029 8270 2594 4775
28 1925 9718 2005 7011 6150 3267 2744 5760 3341 5749 2867 4379 2148 2683 5695 193 6714 5487 1273 3566 6903 2566 7342 2533 3653 6184 4998 447
28 2414 5370 3693 3866 785 6876 684 7405 1039 9839 1000 5291 5894 8675 6226 3213 583 5927 2045 6549 8719 1478 8308 6709 9642 5633 547 5707
28 8669 389 1140 7244 4018 5619 1322 964 4527 5071 9090 8294 2390 6398 8422 2187 1598 6725 8016 1561 9521 6126 857 1474 3308 2170 9768 5208
28 5266 4338 4327 8841 6275 5671 7338 9182 1304 9921 7876 9332 7043 115 3605 7803 2951 5464 1684 2702 267 1982 5016 7683 9927 3816 8941 4502
28 1942 3911 6155 1080 289 5436 2674 3480 466 1427 5175 9309 8476 3889 7290 7500 8908 7447 3761 867 162 6702 399 8393 5780 6842 8596 7577
28 8128 4751 4217 5658 7286 2782 2745 2832 7784 9815 4262 8989 2316 8591 815 5541 8158 6400 549 7716 4142 8411 9201 6002 2261 3305 7362 7502
28 4904 1134 961 3953 6073 9504 3587 3185 5183 5763 5169 1680 9464 2546 2324 4737 9674 8827 6285 7226 6477 5445 6086 486 6022 1313 1791 9784
28 8545 188 5751 6407 2384 1542 2853 4465 6764 3908 3298 5963 7973 3923 3301 9673 9560 6678 1286 2073 9142 4265 5180 4320 8555 6217 3870 3057
28 2091 6879 3781 968 5525 4314 7572 9289 290 5413 5781 8801 1023 3220 2739 4051 7210 8291 8233 4305 1658 6913 8836 9788 2848 3734 8770 2103
28 5254 816 7636 6444 7180 9907 3182 5369 1980 2542 7651 6585 9618 9177 2372 5239 5775 6967 8856 9530 2240 3613 4741 7858 566 2881 3540 5410
28 1512 5952 5613 1700 1923 1390 1547 6559 9939 833 135 6354 8956 5800 8990 1392 1013 2128 5697 5607 8079 5358 6077 5629 3583 2306 2532 8799
28 9957 5503 3322 3903 9817 3907 674 1810 7415 7455 2548 4440 8015 7388 1507 7053 7221 976 4649 8674 7 6116 7376 7617 3959 2796 2213 2217
28 5939 1312 5245 952 8445 2036 8913 9425 1344 2230 7097 239 6060 7532 5268 5590 2593 3068 9701 1201 9605 3990 9686 8712 1263 2814 6960 819
28 7297 5973 6770 7295 4867 8111 3346 6186 4874 4665 9502 7645 339 2730 4317 645 536 4946 19 8361 9597 3597 8747 7895 9563 4352 1071 7260
